The files belonging to this database system will be owned by user "postgres".
This user must also own the server process.

The database cluster will be initialized with locale "en_US.utf8".
The default database encoding has accordingly been set to "UTF8".
The default text search configuration will be set to "english".

Data page checksums are disabled.

fixing permissions on existing directory /var/lib/postgresql/data ... ok
creating subdirectories ... ok
selecting dynamic shared memory implementation ... posix
selecting default max_connections ... 100
selecting default shared_buffers ... 128MB
selecting default time zone ... Etc/UTC
creating configuration files ... ok
running bootstrap script ... ok
performing post-bootstrap initialization ... ok
syncing data to disk ... ok


Success. You can now start the database server using:

initdb: warning: enabling "trust" authentication for local connections
initdb: hint: You can change this by editing pg_hba.conf or using the option -A, or --auth-local and --auth-host, the next time you run initdb.
    pg_ctl -D /var/lib/postgresql/data -l logfile start

waiting for server to start....2025-08-27 03:24:08.843 UTC [48] LOG:  starting PostgreSQL 16.4 (Debian 16.4-1.pgdg110+2) on x86_64-pc-linux-gnu, compiled by gcc (Debian 10.2.1-6) 10.2.1 20210110, 64-bit
2025-08-27 03:24:08.846 UTC [48] LOG:  listening on Unix socket "/var/run/postgresql/.s.PGSQL.5432"
2025-08-27 03:24:08.859 UTC [51] LOG:  database system was shut down at 2025-08-27 03:24:08 UTC
2025-08-27 03:24:08.874 UTC [48] LOG:  database system is ready to accept connections
 done
server started
CREATE DATABASE


/usr/local/bin/docker-entrypoint.sh: sourcing /docker-entrypoint-initdb.d/10_postgis.sh
CREATE DATABASE
Loading PostGIS extensions into template_postgis
CREATE EXTENSION
CREATE EXTENSION
You are now connected to database "template_postgis" as user "postgres".
CREATE EXTENSION
CREATE EXTENSION
Loading PostGIS extensions into sav3
CREATE EXTENSION
CREATE EXTENSION
You are now connected to database "sav3" as user "postgres".
CREATE EXTENSION
CREATE EXTENSION

waiting for server to shut down...2025-08-27 03:24:13.155 UTC [48] LOG:  received fast shutdown request
.2025-08-27 03:24:13.158 UTC [48] LOG:  aborting any active transactions
2025-08-27 03:24:13.161 UTC [48] LOG:  background worker "logical replication launcher" (PID 54) exited with exit code 1
2025-08-27 03:24:13.161 UTC [49] LOG:  shutting down
2025-08-27 03:24:13.164 UTC [49] LOG:  checkpoint starting: shutdown immediate
2025-08-27 03:24:13.515 UTC [49] LOG:  checkpoint complete: wrote 4481 buffers (27.3%); 0 WAL file(s) added, 0 removed, 2 recycled; write=0.070 s, sync=0.260 s, total=0.354 s; sync files=963, longest=0.003 s, average=0.001 s; distance=35002 kB, estimate=35002 kB; lsn=0/3715590, redo lsn=0/3715590
2025-08-27 03:24:13.527 UTC [48] LOG:  database system is shut down
 done
server stopped

PostgreSQL init process complete; ready for start up.

2025-08-27 03:24:13.587 UTC [1] LOG:  starting PostgreSQL 16.4 (Debian 16.4-1.pgdg110+2) on x86_64-pc-linux-gnu, compiled by gcc (Debian 10.2.1-6) 10.2.1 20210110, 64-bit
2025-08-27 03:24:13.588 UTC [1] LOG:  listening on IPv4 address "0.0.0.0", port 5432
2025-08-27 03:24:13.588 UTC [1] LOG:  listening on IPv6 address "::", port 5432
2025-08-27 03:24:13.592 UTC [1] LOG:  listening on Unix socket "/var/run/postgresql/.s.PGSQL.5432"
2025-08-27 03:24:13.600 UTC [80] LOG:  database system was shut down at 2025-08-27 03:24:13 UTC
2025-08-27 03:24:13.609 UTC [1] LOG:  database system is ready to accept connections
