[2025-08-26T16:03:40.6407066-05:00] Created: C:\Users\evans\Desktop\sav3-backend\sav3-frontend\mobile\.git\index.lock
[2025-08-26T16:03:40.6733416-05:00] Changed: C:\Users\evans\Desktop\sav3-backend\sav3-frontend\mobile\.git
[2025-08-26T16:03:40.6938862-05:00] Deleted: C:\Users\evans\Desktop\sav3-backend\sav3-frontend\mobile\.git\index.lock
[2025-08-26T16:03:40.6956842-05:00] Changed: C:\Users\evans\Desktop\sav3-backend\sav3-frontend\mobile\.git
[2025-08-26T16:03:41.7074831-05:00] Created: C:\Users\evans\Desktop\sav3-backend\tmp\file-changes.log
[2025-08-26T16:03:41.7088168-05:00] Changed: C:\Users\evans\Desktop\sav3-backend\tmp\file-changes.log
[2025-08-26T16:03:41.7098955-05:00] Changed: C:\Users\evans\Desktop\sav3-backend\tmp
[2025-08-26T16:03:41.7116451-05:00] Changed: C:\Users\evans\Desktop\sav3-backend\tmp\file-changes.log
[2025-08-26T16:03:42.7235299-05:00] Changed: C:\Users\evans\Desktop\sav3-backend\tmp\file-changes.log
[2025-08-26T16:03:42.7257614-05:00] Changed: C:\Users\evans\Desktop\sav3-backend\tmp\file-changes.log
[2025-08-26T16:03:42.7274863-05:00] Changed: C:\Users\evans\Desktop\sav3-backend\tmp\file-changes.log
[2025-08-26T16:03:42.7288032-05:00] Changed: C:\Users\evans\Desktop\sav3-backend\tmp\file-changes.log
[2025-08-26T16:03:43.7375722-05:00] Changed: C:\Users\evans\Desktop\sav3-backend\tmp\file-changes.log
[2025-08-26T16:03:43.7391672-05:00] Changed: C:\Users\evans\Desktop\sav3-backend\tmp\file-changes.log
[2025-08-26T16:03:43.7403220-05:00] Changed: C:\Users\evans\Desktop\sav3-backend\tmp\file-changes.log
[2025-08-26T16:03:43.7413904-05:00] Changed: C:\Users\evans\Desktop\sav3-backend\tmp\file-changes.log
[2025-08-26T16:03:44.7502413-05:00] Changed: C:\Users\evans\Desktop\sav3-backend\tmp\file-changes.log
[2025-08-26T16:03:44.7519555-05:00] Changed: C:\Users\evans\Desktop\sav3-backend\tmp\file-changes.log
[2025-08-26T16:03:44.7537070-05:00] Changed: C:\Users\evans\Desktop\sav3-backend\tmp\file-changes.log
[2025-08-26T16:03:44.7551360-05:00] Changed: C:\Users\evans\Desktop\sav3-backend\tmp\file-changes.log
[2025-08-26T16:03:45.7663278-05:00] Changed: C:\Users\evans\Desktop\sav3-backend\tmp\file-changes.log
[2025-08-26T16:03:45.7682945-05:00] Changed: C:\Users\evans\Desktop\sav3-backend\tmp\file-changes.log
[2025-08-26T16:03:45.7696092-05:00] Changed: C:\Users\evans\Desktop\sav3-backend\tmp\file-changes.log
[2025-08-26T16:03:45.7708910-05:00] Changed: C:\Users\evans\Desktop\sav3-backend\tmp\file-changes.log
[2025-08-26T16:03:46.7805449-05:00] Changed: C:\Users\evans\Desktop\sav3-backend\tmp\file-changes.log
[2025-08-26T16:03:46.7817049-05:00] Changed: C:\Users\evans\Desktop\sav3-backend\tmp\file-changes.log
[2025-08-26T16:03:46.7825058-05:00] Changed: C:\Users\evans\Desktop\sav3-backend\tmp\file-changes.log
[2025-08-26T16:03:46.7833531-05:00] Changed: C:\Users\evans\Desktop\sav3-backend\tmp\file-changes.log
[2025-08-26T16:03:47.7856762-05:00] Changed: C:\Users\evans\Desktop\sav3-backend\tmp\file-changes.log
[2025-08-26T16:03:47.7872076-05:00] Changed: C:\Users\evans\Desktop\sav3-backend\tmp\file-changes.log
[2025-08-26T16:03:47.7883463-05:00] Changed: C:\Users\evans\Desktop\sav3-backend\tmp\file-changes.log
[2025-08-26T16:03:47.7894917-05:00] Changed: C:\Users\evans\Desktop\sav3-backend\tmp\file-changes.log
[2025-08-26T16:03:48.8019362-05:00] Changed: C:\Users\evans\Desktop\sav3-backend\tmp\file-changes.log
[2025-08-26T16:03:48.8039458-05:00] Changed: C:\Users\evans\Desktop\sav3-backend\tmp\file-changes.log
[2025-08-26T16:03:48.8047523-05:00] Changed: C:\Users\evans\Desktop\sav3-backend\tmp\file-changes.log
[2025-08-26T16:03:48.8054860-05:00] Changed: C:\Users\evans\Desktop\sav3-backend\tmp\file-changes.log
[2025-08-26T16:03:49.8190874-05:00] Changed: C:\Users\evans\Desktop\sav3-backend\tmp\file-changes.log
[2025-08-26T16:03:49.8329781-05:00] Changed: C:\Users\evans\Desktop\sav3-backend\tmp\file-changes.log
[2025-08-26T16:03:49.8339208-05:00] Changed: C:\Users\evans\Desktop\sav3-backend\tmp\file-changes.log
[2025-08-26T16:03:49.8349620-05:00] Changed: C:\Users\evans\Desktop\sav3-backend\tmp\file-changes.log
[2025-08-26T16:03:50.8404306-05:00] Changed: C:\Users\evans\Desktop\sav3-backend\tmp\file-changes.log
[2025-08-26T16:03:50.8415169-05:00] Changed: C:\Users\evans\Desktop\sav3-backend\tmp\file-changes.log
[2025-08-26T16:03:50.8426057-05:00] Changed: C:\Users\evans\Desktop\sav3-backend\tmp\file-changes.log
[2025-08-26T16:03:50.8436891-05:00] Changed: C:\Users\evans\Desktop\sav3-backend\tmp\file-changes.log
[2025-08-26T16:03:51.8546423-05:00] Changed: C:\Users\evans\Desktop\sav3-backend\tmp\file-changes.log
[2025-08-26T16:03:51.8559896-05:00] Changed: C:\Users\evans\Desktop\sav3-backend\tmp\file-changes.log
[2025-08-26T16:03:51.8575842-05:00] Changed: C:\Users\evans\Desktop\sav3-backend\tmp\file-changes.log
[2025-08-26T16:03:51.8586057-05:00] Changed: C:\Users\evans\Desktop\sav3-backend\tmp\file-changes.log
[2025-08-26T16:03:52.8701636-05:00] Changed: C:\Users\evans\Desktop\sav3-backend\tmp\file-changes.log
[2025-08-26T16:03:52.8718229-05:00] Changed: C:\Users\evans\Desktop\sav3-backend\tmp\file-changes.log
[2025-08-26T16:03:52.8729061-05:00] Changed: C:\Users\evans\Desktop\sav3-backend\tmp\file-changes.log
[2025-08-26T16:03:52.8734840-05:00] Changed: C:\Users\evans\Desktop\sav3-backend\tmp\file-changes.log
[2025-08-26T16:03:53.8817987-05:00] Changed: C:\Users\evans\Desktop\sav3-backend\tmp\file-changes.log
[2025-08-26T16:03:53.8830715-05:00] Changed: C:\Users\evans\Desktop\sav3-backend\tmp\file-changes.log
[2025-08-26T16:03:53.8841581-05:00] Changed: C:\Users\evans\Desktop\sav3-backend\tmp\file-changes.log
[2025-08-26T16:03:53.8850656-05:00] Changed: C:\Users\evans\Desktop\sav3-backend\tmp\file-changes.log
[2025-08-26T16:03:54.8984621-05:00] Changed: C:\Users\evans\Desktop\sav3-backend\tmp\file-changes.log
[2025-08-26T16:03:54.8993709-05:00] Changed: C:\Users\evans\Desktop\sav3-backend\tmp\file-changes.log
[2025-08-26T16:03:54.9005083-05:00] Changed: C:\Users\evans\Desktop\sav3-backend\tmp\file-changes.log
[2025-08-26T16:03:54.9014066-05:00] Changed: C:\Users\evans\Desktop\sav3-backend\tmp\file-changes.log
[2025-08-26T16:03:55.9173069-05:00] Changed: C:\Users\evans\Desktop\sav3-backend\tmp\file-changes.log
[2025-08-26T16:03:55.9187922-05:00] Changed: C:\Users\evans\Desktop\sav3-backend\tmp\file-changes.log
[2025-08-26T16:03:55.9197071-05:00] Changed: C:\Users\evans\Desktop\sav3-backend\tmp\file-changes.log
[2025-08-26T16:03:55.9204449-05:00] Changed: C:\Users\evans\Desktop\sav3-backend\tmp\file-changes.log
[2025-08-26T16:03:56.9347087-05:00] Changed: C:\Users\evans\Desktop\sav3-backend\tmp\file-changes.log
[2025-08-26T16:03:56.9358442-05:00] Changed: C:\Users\evans\Desktop\sav3-backend\tmp\file-changes.log
[2025-08-26T16:03:56.9369707-05:00] Changed: C:\Users\evans\Desktop\sav3-backend\tmp\file-changes.log
[2025-08-26T16:03:56.9378526-05:00] Changed: C:\Users\evans\Desktop\sav3-backend\tmp\file-changes.log
[2025-08-26T16:03:57.9426241-05:00] Changed: C:\Users\evans\Desktop\sav3-backend\tmp\file-changes.log
[2025-08-26T16:03:57.9434561-05:00] Changed: C:\Users\evans\Desktop\sav3-backend\tmp\file-changes.log
[2025-08-26T16:03:57.9440112-05:00] Changed: C:\Users\evans\Desktop\sav3-backend\tmp\file-changes.log
[2025-08-26T16:03:57.9449253-05:00] Changed: C:\Users\evans\Desktop\sav3-backend\tmp\file-changes.log
[2025-08-26T16:03:58.9567199-05:00] Changed: C:\Users\evans\Desktop\sav3-backend\tmp\file-changes.log
[2025-08-26T16:03:58.9577128-05:00] Changed: C:\Users\evans\Desktop\sav3-backend\tmp\file-changes.log
[2025-08-26T16:03:58.9586403-05:00] Changed: C:\Users\evans\Desktop\sav3-backend\tmp\file-changes.log
[2025-08-26T16:03:58.9597620-05:00] Changed: C:\Users\evans\Desktop\sav3-backend\tmp\file-changes.log
[2025-08-26T16:03:59.9610782-05:00] Changed: C:\Users\evans\Desktop\sav3-backend\tmp\file-changes.log
[2025-08-26T16:03:59.9621145-05:00] Changed: C:\Users\evans\Desktop\sav3-backend\tmp\file-changes.log
[2025-08-26T16:03:59.9626959-05:00] Changed: C:\Users\evans\Desktop\sav3-backend\tmp\file-changes.log
[2025-08-26T16:03:59.9632592-05:00] Changed: C:\Users\evans\Desktop\sav3-backend\tmp\file-changes.log
[2025-08-26T16:04:00.9667811-05:00] Changed: C:\Users\evans\Desktop\sav3-backend\tmp\file-changes.log
[2025-08-26T16:04:00.9679431-05:00] Changed: C:\Users\evans\Desktop\sav3-backend\tmp\file-changes.log
[2025-08-26T16:04:00.9693946-05:00] Changed: C:\Users\evans\Desktop\sav3-backend\tmp\file-changes.log
[2025-08-26T16:04:00.9706412-05:00] Changed: C:\Users\evans\Desktop\sav3-backend\tmp\file-changes.log
[2025-08-26T16:04:01.9792698-05:00] Changed: C:\Users\evans\Desktop\sav3-backend\tmp\file-changes.log
[2025-08-26T16:04:01.9802196-05:00] Changed: C:\Users\evans\Desktop\sav3-backend\tmp\file-changes.log
[2025-08-26T16:04:01.9808207-05:00] Changed: C:\Users\evans\Desktop\sav3-backend\tmp\file-changes.log
[2025-08-26T16:04:01.9813417-05:00] Changed: C:\Users\evans\Desktop\sav3-backend\tmp\file-changes.log
[2025-08-26T16:04:02.9945338-05:00] Changed: C:\Users\evans\Desktop\sav3-backend\tmp\file-changes.log
[2025-08-26T16:04:02.9953973-05:00] Changed: C:\Users\evans\Desktop\sav3-backend\tmp\file-changes.log
[2025-08-26T16:04:02.9960512-05:00] Changed: C:\Users\evans\Desktop\sav3-backend\tmp\file-changes.log
[2025-08-26T16:04:02.9966066-05:00] Changed: C:\Users\evans\Desktop\sav3-backend\tmp\file-changes.log
[2025-08-26T16:04:04.0095769-05:00] Changed: C:\Users\evans\Desktop\sav3-backend\tmp\file-changes.log
[2025-08-26T16:04:04.0113141-05:00] Changed: C:\Users\evans\Desktop\sav3-backend\tmp\file-changes.log
[2025-08-26T16:04:04.0120593-05:00] Changed: C:\Users\evans\Desktop\sav3-backend\tmp\file-changes.log
[2025-08-26T16:04:04.0130009-05:00] Changed: C:\Users\evans\Desktop\sav3-backend\tmp\file-changes.log
[2025-08-26T16:04:05.0232046-05:00] Changed: C:\Users\evans\Desktop\sav3-backend\tmp\file-changes.log
[2025-08-26T16:04:05.0247947-05:00] Changed: C:\Users\evans\Desktop\sav3-backend\tmp\file-changes.log
[2025-08-26T16:04:05.0257342-05:00] Changed: C:\Users\evans\Desktop\sav3-backend\tmp\file-changes.log
[2025-08-26T16:04:05.0263971-05:00] Changed: C:\Users\evans\Desktop\sav3-backend\tmp\file-changes.log
[2025-08-26T16:04:06.0409573-05:00] Changed: C:\Users\evans\Desktop\sav3-backend\tmp\file-changes.log
[2025-08-26T16:04:06.0425395-05:00] Changed: C:\Users\evans\Desktop\sav3-backend\tmp\file-changes.log
[2025-08-26T16:04:06.0437227-05:00] Changed: C:\Users\evans\Desktop\sav3-backend\tmp\file-changes.log
[2025-08-26T16:04:06.0446421-05:00] Changed: C:\Users\evans\Desktop\sav3-backend\tmp\file-changes.log
[2025-08-26T16:04:07.0586427-05:00] Changed: C:\Users\evans\Desktop\sav3-backend\tmp\file-changes.log
[2025-08-26T16:04:07.0620931-05:00] Changed: C:\Users\evans\Desktop\sav3-backend\tmp\file-changes.log
[2025-08-26T16:04:07.0630975-05:00] Changed: C:\Users\evans\Desktop\sav3-backend\tmp\file-changes.log
[2025-08-26T16:04:07.0639206-05:00] Changed: C:\Users\evans\Desktop\sav3-backend\tmp\file-changes.log
[2025-08-26T16:04:08.0750018-05:00] Changed: C:\Users\evans\Desktop\sav3-backend\tmp\file-changes.log
[2025-08-26T16:04:08.0771134-05:00] Changed: C:\Users\evans\Desktop\sav3-backend\tmp\file-changes.log
[2025-08-26T16:04:08.0788506-05:00] Changed: C:\Users\evans\Desktop\sav3-backend\tmp\file-changes.log
[2025-08-26T16:04:08.0800426-05:00] Changed: C:\Users\evans\Desktop\sav3-backend\tmp\file-changes.log
[2025-08-26T16:04:09.0866518-05:00] Changed: C:\Users\evans\Desktop\sav3-backend\tmp\file-changes.log
[2025-08-26T16:04:09.0874933-05:00] Changed: C:\Users\evans\Desktop\sav3-backend\tmp\file-changes.log
[2025-08-26T16:04:09.0880708-05:00] Changed: C:\Users\evans\Desktop\sav3-backend\tmp\file-changes.log
[2025-08-26T16:04:09.0886165-05:00] Changed: C:\Users\evans\Desktop\sav3-backend\tmp\file-changes.log
[2025-08-26T16:04:10.0900425-05:00] Changed: C:\Users\evans\Desktop\sav3-backend\tmp\file-changes.log
[2025-08-26T16:04:10.0918216-05:00] Changed: C:\Users\evans\Desktop\sav3-backend\tmp\file-changes.log
[2025-08-26T16:04:10.0925033-05:00] Changed: C:\Users\evans\Desktop\sav3-backend\tmp\file-changes.log
[2025-08-26T16:04:10.0929999-05:00] Changed: C:\Users\evans\Desktop\sav3-backend\tmp\file-changes.log
[2025-08-26T16:04:11.1083046-05:00] Changed: C:\Users\evans\Desktop\sav3-backend\tmp\file-changes.log
[2025-08-26T16:04:11.1093422-05:00] Changed: C:\Users\evans\Desktop\sav3-backend\tmp\file-changes.log
[2025-08-26T16:04:11.1100455-05:00] Changed: C:\Users\evans\Desktop\sav3-backend\tmp\file-changes.log
[2025-08-26T16:04:11.1107080-05:00] Changed: C:\Users\evans\Desktop\sav3-backend\tmp\file-changes.log
[2025-08-26T16:04:12.1214225-05:00] Changed: C:\Users\evans\Desktop\sav3-backend\tmp\file-changes.log
[2025-08-26T16:04:12.1221796-05:00] Changed: C:\Users\evans\Desktop\sav3-backend\tmp\file-changes.log
[2025-08-26T16:04:12.1227093-05:00] Changed: C:\Users\evans\Desktop\sav3-backend\tmp\file-changes.log
[2025-08-26T16:04:12.1232124-05:00] Changed: C:\Users\evans\Desktop\sav3-backend\tmp\file-changes.log
[2025-08-26T16:04:13.1361239-05:00] Changed: C:\Users\evans\Desktop\sav3-backend\tmp\file-changes.log
[2025-08-26T16:04:13.1368670-05:00] Changed: C:\Users\evans\Desktop\sav3-backend\tmp\file-changes.log
[2025-08-26T16:04:13.1375551-05:00] Changed: C:\Users\evans\Desktop\sav3-backend\tmp\file-changes.log
[2025-08-26T16:04:13.1383270-05:00] Changed: C:\Users\evans\Desktop\sav3-backend\tmp\file-changes.log
[2025-08-26T16:04:14.1508225-05:00] Changed: C:\Users\evans\Desktop\sav3-backend\tmp\file-changes.log
[2025-08-26T16:04:14.1515878-05:00] Changed: C:\Users\evans\Desktop\sav3-backend\tmp\file-changes.log
[2025-08-26T16:04:14.1527984-05:00] Changed: C:\Users\evans\Desktop\sav3-backend\tmp\file-changes.log
[2025-08-26T16:04:14.1534836-05:00] Changed: C:\Users\evans\Desktop\sav3-backend\tmp\file-changes.log
[2025-08-26T16:04:15.1641487-05:00] Changed: C:\Users\evans\Desktop\sav3-backend\tmp\file-changes.log
[2025-08-26T16:04:15.1654775-05:00] Changed: C:\Users\evans\Desktop\sav3-backend\tmp\file-changes.log
[2025-08-26T16:04:15.1662045-05:00] Changed: C:\Users\evans\Desktop\sav3-backend\tmp\file-changes.log
[2025-08-26T16:04:15.1670303-05:00] Changed: C:\Users\evans\Desktop\sav3-backend\tmp\file-changes.log
[2025-08-26T16:04:16.1782765-05:00] Changed: C:\Users\evans\Desktop\sav3-backend\tmp\file-changes.log
[2025-08-26T16:04:16.1794970-05:00] Changed: C:\Users\evans\Desktop\sav3-backend\tmp\file-changes.log
[2025-08-26T16:04:16.1806554-05:00] Changed: C:\Users\evans\Desktop\sav3-backend\tmp\file-changes.log
[2025-08-26T16:04:16.1813751-05:00] Changed: C:\Users\evans\Desktop\sav3-backend\tmp\file-changes.log
[2025-08-26T16:04:17.1946946-05:00] Changed: C:\Users\evans\Desktop\sav3-backend\tmp\file-changes.log
[2025-08-26T16:04:17.1962473-05:00] Changed: C:\Users\evans\Desktop\sav3-backend\tmp\file-changes.log
[2025-08-26T16:04:17.1971727-05:00] Changed: C:\Users\evans\Desktop\sav3-backend\tmp\file-changes.log
[2025-08-26T16:04:17.1990047-05:00] Changed: C:\Users\evans\Desktop\sav3-backend\tmp\file-changes.log
[2025-08-26T16:04:18.2099363-05:00] Changed: C:\Users\evans\Desktop\sav3-backend\tmp\file-changes.log
[2025-08-26T16:04:18.2108224-05:00] Changed: C:\Users\evans\Desktop\sav3-backend\tmp\file-changes.log
[2025-08-26T16:04:18.2115501-05:00] Changed: C:\Users\evans\Desktop\sav3-backend\tmp\file-changes.log
[2025-08-26T16:04:18.2119962-05:00] Changed: C:\Users\evans\Desktop\sav3-backend\tmp\file-changes.log
[2025-08-26T16:04:19.2156772-05:00] Changed: C:\Users\evans\Desktop\sav3-backend\tmp\file-changes.log
[2025-08-26T16:04:19.2170257-05:00] Changed: C:\Users\evans\Desktop\sav3-backend\tmp\file-changes.log
[2025-08-26T16:04:19.2176199-05:00] Changed: C:\Users\evans\Desktop\sav3-backend\tmp\file-changes.log
[2025-08-26T16:04:19.2186759-05:00] Changed: C:\Users\evans\Desktop\sav3-backend\tmp\file-changes.log
[2025-08-26T16:04:20.2329373-05:00] Changed: C:\Users\evans\Desktop\sav3-backend\tmp\file-changes.log
[2025-08-26T16:04:20.2341560-05:00] Changed: C:\Users\evans\Desktop\sav3-backend\tmp\file-changes.log
[2025-08-26T16:04:20.2352357-05:00] Changed: C:\Users\evans\Desktop\sav3-backend\tmp\file-changes.log
[2025-08-26T16:04:20.2362194-05:00] Changed: C:\Users\evans\Desktop\sav3-backend\tmp\file-changes.log
[2025-08-26T16:04:21.2446092-05:00] Changed: C:\Users\evans\Desktop\sav3-backend\tmp\file-changes.log
[2025-08-26T16:04:21.2459563-05:00] Changed: C:\Users\evans\Desktop\sav3-backend\tmp\file-changes.log
[2025-08-26T16:04:21.2466720-05:00] Changed: C:\Users\evans\Desktop\sav3-backend\tmp\file-changes.log
[2025-08-26T16:04:21.2475416-05:00] Changed: C:\Users\evans\Desktop\sav3-backend\tmp\file-changes.log
[2025-08-26T16:04:22.2592650-05:00] Changed: C:\Users\evans\Desktop\sav3-backend\tmp\file-changes.log
[2025-08-26T16:04:22.2609291-05:00] Changed: C:\Users\evans\Desktop\sav3-backend\tmp\file-changes.log
[2025-08-26T16:04:22.2622004-05:00] Changed: C:\Users\evans\Desktop\sav3-backend\tmp\file-changes.log
[2025-08-26T16:04:22.2633238-05:00] Changed: C:\Users\evans\Desktop\sav3-backend\tmp\file-changes.log
[2025-08-26T16:04:23.2779383-05:00] Changed: C:\Users\evans\Desktop\sav3-backend\tmp\file-changes.log
[2025-08-26T16:04:23.2790283-05:00] Changed: C:\Users\evans\Desktop\sav3-backend\tmp\file-changes.log
[2025-08-26T16:04:23.2799413-05:00] Changed: C:\Users\evans\Desktop\sav3-backend\tmp\file-changes.log
[2025-08-26T16:04:23.2805062-05:00] Changed: C:\Users\evans\Desktop\sav3-backend\tmp\file-changes.log
[2025-08-26T16:04:24.2937781-05:00] Changed: C:\Users\evans\Desktop\sav3-backend\tmp\file-changes.log
[2025-08-26T16:04:24.3052143-05:00] Changed: C:\Users\evans\Desktop\sav3-backend\tmp\file-changes.log
[2025-08-26T16:04:24.3060111-05:00] Changed: C:\Users\evans\Desktop\sav3-backend\tmp\file-changes.log
[2025-08-26T16:04:24.3071540-05:00] Changed: C:\Users\evans\Desktop\sav3-backend\tmp\file-changes.log
[2025-08-26T16:04:25.3084746-05:00] Changed: C:\Users\evans\Desktop\sav3-backend\tmp\file-changes.log
[2025-08-26T16:04:25.3094240-05:00] Changed: C:\Users\evans\Desktop\sav3-backend\tmp\file-changes.log
[2025-08-26T16:04:25.3102280-05:00] Changed: C:\Users\evans\Desktop\sav3-backend\tmp\file-changes.log
[2025-08-26T16:04:25.3111876-05:00] Changed: C:\Users\evans\Desktop\sav3-backend\tmp\file-changes.log
[2025-08-26T16:04:26.3197167-05:00] Changed: C:\Users\evans\Desktop\sav3-backend\tmp\file-changes.log
[2025-08-26T16:04:26.3213070-05:00] Changed: C:\Users\evans\Desktop\sav3-backend\tmp\file-changes.log
[2025-08-26T16:04:26.3221233-05:00] Changed: C:\Users\evans\Desktop\sav3-backend\tmp\file-changes.log
[2025-08-26T16:04:26.3228086-05:00] Changed: C:\Users\evans\Desktop\sav3-backend\tmp\file-changes.log
[2025-08-26T16:04:27.3380631-05:00] Changed: C:\Users\evans\Desktop\sav3-backend\tmp\file-changes.log
[2025-08-26T16:04:27.3394033-05:00] Changed: C:\Users\evans\Desktop\sav3-backend\tmp\file-changes.log
[2025-08-26T16:04:27.3402977-05:00] Changed: C:\Users\evans\Desktop\sav3-backend\tmp\file-changes.log
[2025-08-26T16:04:27.3408925-05:00] Changed: C:\Users\evans\Desktop\sav3-backend\tmp\file-changes.log
[2025-08-26T16:04:28.3440917-05:00] Changed: C:\Users\evans\Desktop\sav3-backend\tmp\file-changes.log
[2025-08-26T16:04:28.3453824-05:00] Changed: C:\Users\evans\Desktop\sav3-backend\tmp\file-changes.log
[2025-08-26T16:04:28.3462090-05:00] Changed: C:\Users\evans\Desktop\sav3-backend\tmp\file-changes.log
[2025-08-26T16:04:28.3468748-05:00] Changed: C:\Users\evans\Desktop\sav3-backend\tmp\file-changes.log
[2025-08-26T16:04:29.3501050-05:00] Changed: C:\Users\evans\Desktop\sav3-backend\tmp\file-changes.log
[2025-08-26T16:04:29.3509964-05:00] Changed: C:\Users\evans\Desktop\sav3-backend\tmp\file-changes.log
[2025-08-26T16:04:29.3519276-05:00] Changed: C:\Users\evans\Desktop\sav3-backend\tmp\file-changes.log
[2025-08-26T16:04:29.3526700-05:00] Changed: C:\Users\evans\Desktop\sav3-backend\tmp\file-changes.log
[2025-08-26T16:04:30.3596989-05:00] Changed: C:\Users\evans\Desktop\sav3-backend\tmp\file-changes.log
[2025-08-26T16:04:30.3606603-05:00] Changed: C:\Users\evans\Desktop\sav3-backend\tmp\file-changes.log
[2025-08-26T16:04:30.3612293-05:00] Changed: C:\Users\evans\Desktop\sav3-backend\tmp\file-changes.log
[2025-08-26T16:04:30.3620194-05:00] Changed: C:\Users\evans\Desktop\sav3-backend\tmp\file-changes.log
[2025-08-26T16:04:31.3672157-05:00] Changed: C:\Users\evans\Desktop\sav3-backend\tmp\file-changes.log
[2025-08-26T16:04:31.3693278-05:00] Changed: C:\Users\evans\Desktop\sav3-backend\tmp\file-changes.log
[2025-08-26T16:04:31.3719643-05:00] Changed: C:\Users\evans\Desktop\sav3-backend\tmp\file-changes.log
[2025-08-26T16:04:31.3736150-05:00] Changed: C:\Users\evans\Desktop\sav3-backend\tmp\file-changes.log
[2025-08-26T16:04:32.3879737-05:00] Changed: C:\Users\evans\Desktop\sav3-backend\tmp\file-changes.log
[2025-08-26T16:04:32.3898227-05:00] Changed: C:\Users\evans\Desktop\sav3-backend\tmp\file-changes.log
[2025-08-26T16:04:32.3906567-05:00] Changed: C:\Users\evans\Desktop\sav3-backend\tmp\file-changes.log
[2025-08-26T16:04:32.3916555-05:00] Changed: C:\Users\evans\Desktop\sav3-backend\tmp\file-changes.log
[2025-08-26T16:04:33.4074825-05:00] Changed: C:\Users\evans\Desktop\sav3-backend\tmp\file-changes.log
[2025-08-26T16:04:33.4088899-05:00] Changed: C:\Users\evans\Desktop\sav3-backend\tmp\file-changes.log
[2025-08-26T16:04:33.4103536-05:00] Changed: C:\Users\evans\Desktop\sav3-backend\tmp\file-changes.log
[2025-08-26T16:04:33.4116583-05:00] Changed: C:\Users\evans\Desktop\sav3-backend\tmp\file-changes.log
[2025-08-26T16:04:34.4240752-05:00] Changed: C:\Users\evans\Desktop\sav3-backend\tmp\file-changes.log
[2025-08-26T16:04:34.4248400-05:00] Changed: C:\Users\evans\Desktop\sav3-backend\tmp\file-changes.log
[2025-08-26T16:04:34.4260419-05:00] Changed: C:\Users\evans\Desktop\sav3-backend\tmp\file-changes.log
[2025-08-26T16:04:34.4267730-05:00] Changed: C:\Users\evans\Desktop\sav3-backend\tmp\file-changes.log
[2025-08-26T16:04:35.4298390-05:00] Changed: C:\Users\evans\Desktop\sav3-backend\tmp\file-changes.log
[2025-08-26T16:04:35.4313450-05:00] Changed: C:\Users\evans\Desktop\sav3-backend\tmp\file-changes.log
[2025-08-26T16:04:35.4320618-05:00] Changed: C:\Users\evans\Desktop\sav3-backend\tmp\file-changes.log
[2025-08-26T16:04:35.4331993-05:00] Changed: C:\Users\evans\Desktop\sav3-backend\tmp\file-changes.log
[2025-08-26T16:04:36.4480373-05:00] Changed: C:\Users\evans\Desktop\sav3-backend\tmp\file-changes.log
[2025-08-26T16:04:36.4494454-05:00] Changed: C:\Users\evans\Desktop\sav3-backend\tmp\file-changes.log
[2025-08-26T16:04:36.4501162-05:00] Changed: C:\Users\evans\Desktop\sav3-backend\tmp\file-changes.log
[2025-08-26T16:04:36.4507574-05:00] Changed: C:\Users\evans\Desktop\sav3-backend\tmp\file-changes.log
[2025-08-26T16:04:37.4538074-05:00] Changed: C:\Users\evans\Desktop\sav3-backend\tmp\file-changes.log
[2025-08-26T16:04:37.4548166-05:00] Changed: C:\Users\evans\Desktop\sav3-backend\tmp\file-changes.log
[2025-08-26T16:04:37.4555496-05:00] Changed: C:\Users\evans\Desktop\sav3-backend\tmp\file-changes.log
[2025-08-26T16:04:37.4560864-05:00] Changed: C:\Users\evans\Desktop\sav3-backend\tmp\file-changes.log
[2025-08-26T16:04:38.4596623-05:00] Changed: C:\Users\evans\Desktop\sav3-backend\tmp\file-changes.log
[2025-08-26T16:04:38.4607456-05:00] Changed: C:\Users\evans\Desktop\sav3-backend\tmp\file-changes.log
[2025-08-26T16:04:38.4614482-05:00] Changed: C:\Users\evans\Desktop\sav3-backend\tmp\file-changes.log
[2025-08-26T16:04:38.4621364-05:00] Changed: C:\Users\evans\Desktop\sav3-backend\tmp\file-changes.log
[2025-08-26T16:04:39.4633308-05:00] Changed: C:\Users\evans\Desktop\sav3-backend\tmp\file-changes.log
[2025-08-26T16:04:39.4640926-05:00] Changed: C:\Users\evans\Desktop\sav3-backend\tmp\file-changes.log
[2025-08-26T16:04:39.4645956-05:00] Changed: C:\Users\evans\Desktop\sav3-backend\tmp\file-changes.log
[2025-08-26T16:04:39.4650510-05:00] Changed: C:\Users\evans\Desktop\sav3-backend\tmp\file-changes.log
[2025-08-26T16:04:40.4662673-05:00] Changed: C:\Users\evans\Desktop\sav3-backend\tmp\file-changes.log
[2025-08-26T16:04:40.4673100-05:00] Changed: C:\Users\evans\Desktop\sav3-backend\tmp\file-changes.log
[2025-08-26T16:04:40.4680278-05:00] Changed: C:\Users\evans\Desktop\sav3-backend\tmp\file-changes.log
[2025-08-26T16:04:40.4689739-05:00] Changed: C:\Users\evans\Desktop\sav3-backend\tmp\file-changes.log
[2025-08-26T16:04:41.4834418-05:00] Changed: C:\Users\evans\Desktop\sav3-backend\tmp\file-changes.log
[2025-08-26T16:04:41.4850125-05:00] Changed: C:\Users\evans\Desktop\sav3-backend\tmp\file-changes.log
[2025-08-26T16:04:41.4898071-05:00] Changed: C:\Users\evans\Desktop\sav3-backend\tmp\file-changes.log
[2025-08-26T16:04:41.4911774-05:00] Changed: C:\Users\evans\Desktop\sav3-backend\tmp\file-changes.log
[2025-08-26T16:04:42.4943862-05:00] Changed: C:\Users\evans\Desktop\sav3-backend\tmp\file-changes.log
[2025-08-26T16:04:42.4952858-05:00] Changed: C:\Users\evans\Desktop\sav3-backend\tmp\file-changes.log
[2025-08-26T16:04:42.4960465-05:00] Changed: C:\Users\evans\Desktop\sav3-backend\tmp\file-changes.log
[2025-08-26T16:04:42.4966580-05:00] Changed: C:\Users\evans\Desktop\sav3-backend\tmp\file-changes.log
[2025-08-26T16:04:43.5120916-05:00] Changed: C:\Users\evans\Desktop\sav3-backend\tmp\file-changes.log
[2025-08-26T16:04:43.5135220-05:00] Changed: C:\Users\evans\Desktop\sav3-backend\tmp\file-changes.log
[2025-08-26T16:04:43.5152613-05:00] Changed: C:\Users\evans\Desktop\sav3-backend\tmp\file-changes.log
[2025-08-26T16:04:43.5164093-05:00] Changed: C:\Users\evans\Desktop\sav3-backend\tmp\file-changes.log
[2025-08-26T16:04:44.5265604-05:00] Changed: C:\Users\evans\Desktop\sav3-backend\tmp\file-changes.log
[2025-08-26T16:04:44.5279169-05:00] Changed: C:\Users\evans\Desktop\sav3-backend\tmp\file-changes.log
[2025-08-26T16:04:44.5286228-05:00] Changed: C:\Users\evans\Desktop\sav3-backend\tmp\file-changes.log
[2025-08-26T16:04:44.5292171-05:00] Changed: C:\Users\evans\Desktop\sav3-backend\tmp\file-changes.log
[2025-08-26T16:04:45.5437095-05:00] Changed: C:\Users\evans\Desktop\sav3-backend\tmp\file-changes.log
[2025-08-26T16:04:45.5453171-05:00] Changed: C:\Users\evans\Desktop\sav3-backend\tmp\file-changes.log
[2025-08-26T16:04:45.5462635-05:00] Changed: C:\Users\evans\Desktop\sav3-backend\tmp\file-changes.log
[2025-08-26T16:04:45.5470511-05:00] Changed: C:\Users\evans\Desktop\sav3-backend\tmp\file-changes.log
[2025-08-26T16:04:46.5584222-05:00] Changed: C:\Users\evans\Desktop\sav3-backend\tmp\file-changes.log
[2025-08-26T16:04:46.5594574-05:00] Changed: C:\Users\evans\Desktop\sav3-backend\tmp\file-changes.log
[2025-08-26T16:04:46.5600446-05:00] Changed: C:\Users\evans\Desktop\sav3-backend\tmp\file-changes.log
[2025-08-26T16:04:46.5606518-05:00] Changed: C:\Users\evans\Desktop\sav3-backend\tmp\file-changes.log
[2025-08-26T16:04:47.5763493-05:00] Changed: C:\Users\evans\Desktop\sav3-backend\tmp\file-changes.log
[2025-08-26T16:04:47.5773421-05:00] Changed: C:\Users\evans\Desktop\sav3-backend\tmp\file-changes.log
[2025-08-26T16:04:47.5780287-05:00] Changed: C:\Users\evans\Desktop\sav3-backend\tmp\file-changes.log
[2025-08-26T16:04:47.5788292-05:00] Changed: C:\Users\evans\Desktop\sav3-backend\tmp\file-changes.log
[2025-08-26T16:04:48.5946802-05:00] Changed: C:\Users\evans\Desktop\sav3-backend\tmp\file-changes.log
[2025-08-26T16:04:48.5954987-05:00] Changed: C:\Users\evans\Desktop\sav3-backend\tmp\file-changes.log
[2025-08-26T16:04:48.5966431-05:00] Changed: C:\Users\evans\Desktop\sav3-backend\tmp\file-changes.log
[2025-08-26T16:04:48.5982859-05:00] Changed: C:\Users\evans\Desktop\sav3-backend\tmp\file-changes.log
[2025-08-26T16:04:49.6081765-05:00] Changed: C:\Users\evans\Desktop\sav3-backend\tmp\file-changes.log
[2025-08-26T16:04:49.6089214-05:00] Changed: C:\Users\evans\Desktop\sav3-backend\tmp\file-changes.log
[2025-08-26T16:04:49.6095197-05:00] Changed: C:\Users\evans\Desktop\sav3-backend\tmp\file-changes.log
[2025-08-26T16:04:49.6106264-05:00] Changed: C:\Users\evans\Desktop\sav3-backend\tmp\file-changes.log
[2025-08-26T16:04:50.6237098-05:00] Changed: C:\Users\evans\Desktop\sav3-backend\tmp\file-changes.log
[2025-08-26T16:04:50.6244525-05:00] Changed: C:\Users\evans\Desktop\sav3-backend\tmp\file-changes.log
[2025-08-26T16:04:50.6252610-05:00] Changed: C:\Users\evans\Desktop\sav3-backend\tmp\file-changes.log
[2025-08-26T16:04:50.6260807-05:00] Changed: C:\Users\evans\Desktop\sav3-backend\tmp\file-changes.log
[2025-08-26T16:04:51.6399033-05:00] Changed: C:\Users\evans\Desktop\sav3-backend\tmp\file-changes.log
[2025-08-26T16:04:51.6413381-05:00] Changed: C:\Users\evans\Desktop\sav3-backend\tmp\file-changes.log
[2025-08-26T16:04:51.6421182-05:00] Changed: C:\Users\evans\Desktop\sav3-backend\tmp\file-changes.log
[2025-08-26T16:04:51.6430135-05:00] Changed: C:\Users\evans\Desktop\sav3-backend\tmp\file-changes.log
[2025-08-26T16:04:52.6586684-05:00] Changed: C:\Users\evans\Desktop\sav3-backend\tmp\file-changes.log
[2025-08-26T16:04:52.6596672-05:00] Changed: C:\Users\evans\Desktop\sav3-backend\tmp\file-changes.log
[2025-08-26T16:04:52.6603467-05:00] Changed: C:\Users\evans\Desktop\sav3-backend\tmp\file-changes.log
[2025-08-26T16:04:52.6610800-05:00] Changed: C:\Users\evans\Desktop\sav3-backend\tmp\file-changes.log
[2025-08-26T16:04:53.6768220-05:00] Changed: C:\Users\evans\Desktop\sav3-backend\tmp\file-changes.log
[2025-08-26T16:04:53.6780363-05:00] Changed: C:\Users\evans\Desktop\sav3-backend\tmp\file-changes.log
[2025-08-26T16:04:53.6785991-05:00] Changed: C:\Users\evans\Desktop\sav3-backend\tmp\file-changes.log
[2025-08-26T16:04:53.6793465-05:00] Changed: C:\Users\evans\Desktop\sav3-backend\tmp\file-changes.log
[2025-08-26T16:04:54.6823077-05:00] Changed: C:\Users\evans\Desktop\sav3-backend\tmp\file-changes.log
[2025-08-26T16:04:54.6830930-05:00] Changed: C:\Users\evans\Desktop\sav3-backend\tmp\file-changes.log
[2025-08-26T16:04:54.6836927-05:00] Changed: C:\Users\evans\Desktop\sav3-backend\tmp\file-changes.log
[2025-08-26T16:04:54.6841516-05:00] Changed: C:\Users\evans\Desktop\sav3-backend\tmp\file-changes.log
[2025-08-26T16:04:55.6975234-05:00] Changed: C:\Users\evans\Desktop\sav3-backend\tmp\file-changes.log
[2025-08-26T16:04:55.6988792-05:00] Changed: C:\Users\evans\Desktop\sav3-backend\tmp\file-changes.log
[2025-08-26T16:04:55.6996778-05:00] Changed: C:\Users\evans\Desktop\sav3-backend\tmp\file-changes.log
[2025-08-26T16:04:55.7003280-05:00] Changed: C:\Users\evans\Desktop\sav3-backend\tmp\file-changes.log
[2025-08-26T16:04:56.7063315-05:00] Changed: C:\Users\evans\Desktop\sav3-backend\tmp\file-changes.log
[2025-08-26T16:04:56.7078348-05:00] Changed: C:\Users\evans\Desktop\sav3-backend\tmp\file-changes.log
[2025-08-26T16:04:56.7088136-05:00] Changed: C:\Users\evans\Desktop\sav3-backend\tmp\file-changes.log
[2025-08-26T16:04:56.7096035-05:00] Changed: C:\Users\evans\Desktop\sav3-backend\tmp\file-changes.log
[2025-08-26T16:04:57.7111428-05:00] Changed: C:\Users\evans\Desktop\sav3-backend\tmp\file-changes.log
[2025-08-26T16:04:57.7123710-05:00] Changed: C:\Users\evans\Desktop\sav3-backend\tmp\file-changes.log
[2025-08-26T16:04:57.7134641-05:00] Changed: C:\Users\evans\Desktop\sav3-backend\tmp\file-changes.log
[2025-08-26T16:04:57.7146906-05:00] Changed: C:\Users\evans\Desktop\sav3-backend\tmp\file-changes.log
[2025-08-26T16:04:58.7237741-05:00] Changed: C:\Users\evans\Desktop\sav3-backend\tmp\file-changes.log
[2025-08-26T16:04:58.7248273-05:00] Changed: C:\Users\evans\Desktop\sav3-backend\tmp\file-changes.log
[2025-08-26T16:04:58.7253515-05:00] Changed: C:\Users\evans\Desktop\sav3-backend\tmp\file-changes.log
[2025-08-26T16:04:58.7266138-05:00] Changed: C:\Users\evans\Desktop\sav3-backend\tmp\file-changes.log
[2025-08-26T16:04:59.7301946-05:00] Changed: C:\Users\evans\Desktop\sav3-backend\tmp\file-changes.log
[2025-08-26T16:04:59.7313958-05:00] Changed: C:\Users\evans\Desktop\sav3-backend\tmp\file-changes.log
[2025-08-26T16:04:59.7321228-05:00] Changed: C:\Users\evans\Desktop\sav3-backend\tmp\file-changes.log
[2025-08-26T16:04:59.7327631-05:00] Changed: C:\Users\evans\Desktop\sav3-backend\tmp\file-changes.log
[2025-08-26T16:05:00.7463989-05:00] Changed: C:\Users\evans\Desktop\sav3-backend\tmp\file-changes.log
[2025-08-26T16:05:00.7476741-05:00] Changed: C:\Users\evans\Desktop\sav3-backend\tmp\file-changes.log
[2025-08-26T16:05:00.7482814-05:00] Changed: C:\Users\evans\Desktop\sav3-backend\tmp\file-changes.log
[2025-08-26T16:05:00.7488788-05:00] Changed: C:\Users\evans\Desktop\sav3-backend\tmp\file-changes.log
[2025-08-26T16:05:01.7587378-05:00] Changed: C:\Users\evans\Desktop\sav3-backend\tmp\file-changes.log
[2025-08-26T16:05:01.7602102-05:00] Changed: C:\Users\evans\Desktop\sav3-backend\tmp\file-changes.log
[2025-08-26T16:05:01.7609391-05:00] Changed: C:\Users\evans\Desktop\sav3-backend\tmp\file-changes.log
[2025-08-26T16:05:01.7619220-05:00] Changed: C:\Users\evans\Desktop\sav3-backend\tmp\file-changes.log
[2025-08-26T16:05:02.7732218-05:00] Changed: C:\Users\evans\Desktop\sav3-backend\tmp\file-changes.log
[2025-08-26T16:05:02.7740199-05:00] Changed: C:\Users\evans\Desktop\sav3-backend\tmp\file-changes.log
[2025-08-26T16:05:02.7746691-05:00] Changed: C:\Users\evans\Desktop\sav3-backend\tmp\file-changes.log
[2025-08-26T16:05:02.7753051-05:00] Changed: C:\Users\evans\Desktop\sav3-backend\tmp\file-changes.log
[2025-08-26T16:05:03.7881189-05:00] Changed: C:\Users\evans\Desktop\sav3-backend\tmp\file-changes.log
[2025-08-26T16:05:03.7895895-05:00] Changed: C:\Users\evans\Desktop\sav3-backend\tmp\file-changes.log
[2025-08-26T16:05:03.7902001-05:00] Changed: C:\Users\evans\Desktop\sav3-backend\tmp\file-changes.log
[2025-08-26T16:05:03.7907851-05:00] Changed: C:\Users\evans\Desktop\sav3-backend\tmp\file-changes.log
[2025-08-26T16:05:04.8014971-05:00] Changed: C:\Users\evans\Desktop\sav3-backend\tmp\file-changes.log
[2025-08-26T16:05:04.8025057-05:00] Changed: C:\Users\evans\Desktop\sav3-backend\tmp\file-changes.log
[2025-08-26T16:05:04.8032259-05:00] Changed: C:\Users\evans\Desktop\sav3-backend\tmp\file-changes.log
[2025-08-26T16:05:04.8045976-05:00] Changed: C:\Users\evans\Desktop\sav3-backend\tmp\file-changes.log
[2025-08-26T16:05:05.8189528-05:00] Changed: C:\Users\evans\Desktop\sav3-backend\tmp\file-changes.log
[2025-08-26T16:05:05.8200571-05:00] Changed: C:\Users\evans\Desktop\sav3-backend\tmp\file-changes.log
[2025-08-26T16:05:05.8206509-05:00] Changed: C:\Users\evans\Desktop\sav3-backend\tmp\file-changes.log
[2025-08-26T16:05:05.8214544-05:00] Changed: C:\Users\evans\Desktop\sav3-backend\tmp\file-changes.log
[2025-08-26T16:05:06.8346612-05:00] Changed: C:\Users\evans\Desktop\sav3-backend\tmp\file-changes.log
[2025-08-26T16:05:06.8357717-05:00] Changed: C:\Users\evans\Desktop\sav3-backend\tmp\file-changes.log
[2025-08-26T16:05:06.8370967-05:00] Changed: C:\Users\evans\Desktop\sav3-backend\tmp\file-changes.log
[2025-08-26T16:05:06.8376844-05:00] Changed: C:\Users\evans\Desktop\sav3-backend\tmp\file-changes.log
[2025-08-26T16:05:07.8397901-05:00] Changed: C:\Users\evans\Desktop\sav3-backend\tmp\file-changes.log
[2025-08-26T16:05:07.8411245-05:00] Changed: C:\Users\evans\Desktop\sav3-backend\tmp\file-changes.log
[2025-08-26T16:05:07.8420858-05:00] Changed: C:\Users\evans\Desktop\sav3-backend\tmp\file-changes.log
[2025-08-26T16:05:07.8431145-05:00] Changed: C:\Users\evans\Desktop\sav3-backend\tmp\file-changes.log
[2025-08-26T16:05:08.8525425-05:00] Changed: C:\Users\evans\Desktop\sav3-backend\tmp\file-changes.log
[2025-08-26T16:05:08.8536314-05:00] Changed: C:\Users\evans\Desktop\sav3-backend\tmp\file-changes.log
[2025-08-26T16:05:08.8544991-05:00] Changed: C:\Users\evans\Desktop\sav3-backend\tmp\file-changes.log
[2025-08-26T16:05:08.8553733-05:00] Changed: C:\Users\evans\Desktop\sav3-backend\tmp\file-changes.log
[2025-08-26T16:05:09.8698784-05:00] Changed: C:\Users\evans\Desktop\sav3-backend\tmp\file-changes.log
[2025-08-26T16:05:09.8713785-05:00] Changed: C:\Users\evans\Desktop\sav3-backend\tmp\file-changes.log
[2025-08-26T16:05:09.8721021-05:00] Changed: C:\Users\evans\Desktop\sav3-backend\tmp\file-changes.log
[2025-08-26T16:05:09.8728323-05:00] Changed: C:\Users\evans\Desktop\sav3-backend\tmp\file-changes.log
[2025-08-26T16:05:10.8751838-05:00] Changed: C:\Users\evans\Desktop\sav3-backend\tmp\file-changes.log
[2025-08-26T16:05:10.8763813-05:00] Changed: C:\Users\evans\Desktop\sav3-backend\tmp\file-changes.log
[2025-08-26T16:05:10.8771011-05:00] Changed: C:\Users\evans\Desktop\sav3-backend\tmp\file-changes.log
[2025-08-26T16:05:10.8779556-05:00] Changed: C:\Users\evans\Desktop\sav3-backend\tmp\file-changes.log
[2025-08-26T16:05:11.8820063-05:00] Changed: C:\Users\evans\Desktop\sav3-backend\tmp\file-changes.log
[2025-08-26T16:05:11.8833482-05:00] Changed: C:\Users\evans\Desktop\sav3-backend\tmp\file-changes.log
[2025-08-26T16:05:11.8844661-05:00] Changed: C:\Users\evans\Desktop\sav3-backend\tmp\file-changes.log
[2025-08-26T16:05:11.8851232-05:00] Changed: C:\Users\evans\Desktop\sav3-backend\tmp\file-changes.log
[2025-08-26T16:05:12.8972007-05:00] Changed: C:\Users\evans\Desktop\sav3-backend\tmp\file-changes.log
[2025-08-26T16:05:12.8983462-05:00] Changed: C:\Users\evans\Desktop\sav3-backend\tmp\file-changes.log
[2025-08-26T16:05:12.8992372-05:00] Changed: C:\Users\evans\Desktop\sav3-backend\tmp\file-changes.log
[2025-08-26T16:05:12.8999080-05:00] Changed: C:\Users\evans\Desktop\sav3-backend\tmp\file-changes.log
[2025-08-26T16:05:13.9121491-05:00] Changed: C:\Users\evans\Desktop\sav3-backend\tmp\file-changes.log
[2025-08-26T16:05:13.9132800-05:00] Changed: C:\Users\evans\Desktop\sav3-backend\tmp\file-changes.log
[2025-08-26T16:05:13.9140674-05:00] Changed: C:\Users\evans\Desktop\sav3-backend\tmp\file-changes.log
[2025-08-26T16:05:13.9149900-05:00] Changed: C:\Users\evans\Desktop\sav3-backend\tmp\file-changes.log
[2025-08-26T16:05:14.9290699-05:00] Changed: C:\Users\evans\Desktop\sav3-backend\tmp\file-changes.log
[2025-08-26T16:05:14.9300375-05:00] Changed: C:\Users\evans\Desktop\sav3-backend\tmp\file-changes.log
[2025-08-26T16:05:14.9306086-05:00] Changed: C:\Users\evans\Desktop\sav3-backend\tmp\file-changes.log
[2025-08-26T16:05:14.9316738-05:00] Changed: C:\Users\evans\Desktop\sav3-backend\tmp\file-changes.log
[2025-08-26T16:05:15.9345908-05:00] Changed: C:\Users\evans\Desktop\sav3-backend\tmp\file-changes.log
[2025-08-26T16:05:15.9354644-05:00] Changed: C:\Users\evans\Desktop\sav3-backend\tmp\file-changes.log
[2025-08-26T16:05:15.9362645-05:00] Changed: C:\Users\evans\Desktop\sav3-backend\tmp\file-changes.log
[2025-08-26T16:05:15.9372589-05:00] Changed: C:\Users\evans\Desktop\sav3-backend\tmp\file-changes.log
[2025-08-26T16:05:16.9528077-05:00] Changed: C:\Users\evans\Desktop\sav3-backend\tmp\file-changes.log
[2025-08-26T16:05:16.9538672-05:00] Changed: C:\Users\evans\Desktop\sav3-backend\tmp\file-changes.log
[2025-08-26T16:05:16.9547292-05:00] Changed: C:\Users\evans\Desktop\sav3-backend\tmp\file-changes.log
[2025-08-26T16:05:16.9555544-05:00] Changed: C:\Users\evans\Desktop\sav3-backend\tmp\file-changes.log
[2025-08-26T16:05:17.9689926-05:00] Changed: C:\Users\evans\Desktop\sav3-backend\tmp\file-changes.log
[2025-08-26T16:05:17.9699347-05:00] Changed: C:\Users\evans\Desktop\sav3-backend\tmp\file-changes.log
[2025-08-26T16:05:17.9708598-05:00] Changed: C:\Users\evans\Desktop\sav3-backend\tmp\file-changes.log
[2025-08-26T16:05:17.9718653-05:00] Changed: C:\Users\evans\Desktop\sav3-backend\tmp\file-changes.log
[2025-08-26T16:05:18.9840854-05:00] Changed: C:\Users\evans\Desktop\sav3-backend\tmp\file-changes.log
[2025-08-26T16:05:18.9853692-05:00] Changed: C:\Users\evans\Desktop\sav3-backend\tmp\file-changes.log
[2025-08-26T16:05:18.9862749-05:00] Changed: C:\Users\evans\Desktop\sav3-backend\tmp\file-changes.log
[2025-08-26T16:05:18.9871177-05:00] Changed: C:\Users\evans\Desktop\sav3-backend\tmp\file-changes.log
[2025-08-26T16:05:19.9963593-05:00] Changed: C:\Users\evans\Desktop\sav3-backend\tmp\file-changes.log
[2025-08-26T16:05:19.9973133-05:00] Changed: C:\Users\evans\Desktop\sav3-backend\tmp\file-changes.log
[2025-08-26T16:05:19.9979871-05:00] Changed: C:\Users\evans\Desktop\sav3-backend\tmp\file-changes.log
[2025-08-26T16:05:19.9987447-05:00] Changed: C:\Users\evans\Desktop\sav3-backend\tmp\file-changes.log
[2025-08-26T16:05:21.0112320-05:00] Changed: C:\Users\evans\Desktop\sav3-backend\tmp\file-changes.log
[2025-08-26T16:05:21.0122541-05:00] Changed: C:\Users\evans\Desktop\sav3-backend\tmp\file-changes.log
[2025-08-26T16:05:21.0131398-05:00] Changed: C:\Users\evans\Desktop\sav3-backend\tmp\file-changes.log
[2025-08-26T16:05:21.0139597-05:00] Changed: C:\Users\evans\Desktop\sav3-backend\tmp\file-changes.log
[2025-08-26T16:05:22.0261610-05:00] Changed: C:\Users\evans\Desktop\sav3-backend\tmp\file-changes.log
[2025-08-26T16:05:22.0273979-05:00] Changed: C:\Users\evans\Desktop\sav3-backend\tmp\file-changes.log
[2025-08-26T16:05:22.0283420-05:00] Changed: C:\Users\evans\Desktop\sav3-backend\tmp\file-changes.log
[2025-08-26T16:05:22.0291470-05:00] Changed: C:\Users\evans\Desktop\sav3-backend\tmp\file-changes.log
[2025-08-26T16:05:23.0391692-05:00] Changed: C:\Users\evans\Desktop\sav3-backend\tmp\file-changes.log
[2025-08-26T16:05:23.0404854-05:00] Changed: C:\Users\evans\Desktop\sav3-backend\tmp\file-changes.log
[2025-08-26T16:05:23.0412687-05:00] Changed: C:\Users\evans\Desktop\sav3-backend\tmp\file-changes.log
[2025-08-26T16:05:23.0422953-05:00] Changed: C:\Users\evans\Desktop\sav3-backend\tmp\file-changes.log
[2025-08-26T16:05:24.0559189-05:00] Changed: C:\Users\evans\Desktop\sav3-backend\tmp\file-changes.log
[2025-08-26T16:05:24.0571139-05:00] Changed: C:\Users\evans\Desktop\sav3-backend\tmp\file-changes.log
[2025-08-26T16:05:24.0581132-05:00] Changed: C:\Users\evans\Desktop\sav3-backend\tmp\file-changes.log
[2025-08-26T16:05:24.0589721-05:00] Changed: C:\Users\evans\Desktop\sav3-backend\tmp\file-changes.log
[2025-08-26T16:05:25.0594906-05:00] Changed: C:\Users\evans\Desktop\sav3-backend\tmp\file-changes.log
[2025-08-26T16:05:25.0609440-05:00] Changed: C:\Users\evans\Desktop\sav3-backend\tmp\file-changes.log
[2025-08-26T16:05:25.0617928-05:00] Changed: C:\Users\evans\Desktop\sav3-backend\tmp\file-changes.log
[2025-08-26T16:05:25.0623643-05:00] Changed: C:\Users\evans\Desktop\sav3-backend\tmp\file-changes.log
[2025-08-26T16:05:26.0658218-05:00] Changed: C:\Users\evans\Desktop\sav3-backend\tmp\file-changes.log
[2025-08-26T16:05:26.0669400-05:00] Changed: C:\Users\evans\Desktop\sav3-backend\tmp\file-changes.log
[2025-08-26T16:05:26.0682323-05:00] Changed: C:\Users\evans\Desktop\sav3-backend\tmp\file-changes.log
[2025-08-26T16:05:26.0694205-05:00] Changed: C:\Users\evans\Desktop\sav3-backend\tmp\file-changes.log
[2025-08-26T16:05:27.0730756-05:00] Changed: C:\Users\evans\Desktop\sav3-backend\tmp\file-changes.log
[2025-08-26T16:05:27.0749469-05:00] Changed: C:\Users\evans\Desktop\sav3-backend\tmp\file-changes.log
[2025-08-26T16:05:27.0761413-05:00] Changed: C:\Users\evans\Desktop\sav3-backend\tmp\file-changes.log
[2025-08-26T16:05:27.0768164-05:00] Changed: C:\Users\evans\Desktop\sav3-backend\tmp\file-changes.log
[2025-08-26T16:05:28.0901602-05:00] Changed: C:\Users\evans\Desktop\sav3-backend\tmp\file-changes.log
[2025-08-26T16:05:28.0915285-05:00] Changed: C:\Users\evans\Desktop\sav3-backend\tmp\file-changes.log
[2025-08-26T16:05:28.0933685-05:00] Changed: C:\Users\evans\Desktop\sav3-backend\tmp\file-changes.log
[2025-08-26T16:05:28.0952158-05:00] Changed: C:\Users\evans\Desktop\sav3-backend\tmp\file-changes.log
[2025-08-26T16:05:29.1119111-05:00] Changed: C:\Users\evans\Desktop\sav3-backend\tmp\file-changes.log
[2025-08-26T16:05:29.1137849-05:00] Changed: C:\Users\evans\Desktop\sav3-backend\tmp\file-changes.log
[2025-08-26T16:05:29.1147658-05:00] Changed: C:\Users\evans\Desktop\sav3-backend\tmp\file-changes.log
[2025-08-26T16:05:29.1155027-05:00] Changed: C:\Users\evans\Desktop\sav3-backend\tmp\file-changes.log
[2025-08-26T16:05:30.1269281-05:00] Changed: C:\Users\evans\Desktop\sav3-backend\tmp\file-changes.log
[2025-08-26T16:05:30.1289981-05:00] Changed: C:\Users\evans\Desktop\sav3-backend\tmp\file-changes.log
[2025-08-26T16:05:30.1302313-05:00] Changed: C:\Users\evans\Desktop\sav3-backend\tmp\file-changes.log
[2025-08-26T16:05:30.1317188-05:00] Changed: C:\Users\evans\Desktop\sav3-backend\tmp\file-changes.log
[2025-08-26T16:05:31.1462714-05:00] Changed: C:\Users\evans\Desktop\sav3-backend\tmp\file-changes.log
[2025-08-26T16:05:31.1480704-05:00] Changed: C:\Users\evans\Desktop\sav3-backend\tmp\file-changes.log
[2025-08-26T16:05:31.1494713-05:00] Changed: C:\Users\evans\Desktop\sav3-backend\tmp\file-changes.log
[2025-08-26T16:05:31.1506120-05:00] Changed: C:\Users\evans\Desktop\sav3-backend\tmp\file-changes.log
[2025-08-26T16:05:32.1670943-05:00] Changed: C:\Users\evans\Desktop\sav3-backend\tmp\file-changes.log
[2025-08-26T16:05:32.1686753-05:00] Changed: C:\Users\evans\Desktop\sav3-backend\tmp\file-changes.log
[2025-08-26T16:05:32.1697651-05:00] Changed: C:\Users\evans\Desktop\sav3-backend\prisma\seed.ts
[2025-08-26T16:05:32.1717166-05:00] Changed: C:\Users\evans\Desktop\sav3-backend\prisma\seed.ts
[2025-08-26T16:05:33.1751317-05:00] Changed: C:\Users\evans\Desktop\sav3-backend\tmp\file-changes.log
[2025-08-26T16:05:33.1775678-05:00] Changed: C:\Users\evans\Desktop\sav3-backend\tmp\file-changes.log
[2025-08-26T16:05:33.1805055-05:00] Changed: C:\Users\evans\Desktop\sav3-backend\tmp\file-changes.log
[2025-08-26T16:05:33.1831472-05:00] Changed: C:\Users\evans\Desktop\sav3-backend\tmp\file-changes.log
[2025-08-26T16:05:34.1882975-05:00] Changed: C:\Users\evans\Desktop\sav3-backend\tmp\file-changes.log
[2025-08-26T16:05:34.1907049-05:00] Changed: C:\Users\evans\Desktop\sav3-backend\tmp\file-changes.log
[2025-08-26T16:05:34.1918312-05:00] Changed: C:\Users\evans\Desktop\sav3-backend\tmp\file-changes.log
[2025-08-26T16:05:34.1929424-05:00] Changed: C:\Users\evans\Desktop\sav3-backend\tmp\file-changes.log
[2025-08-26T16:05:35.2024572-05:00] Changed: C:\Users\evans\Desktop\sav3-backend\tmp\file-changes.log
[2025-08-26T16:05:35.2062904-05:00] Changed: C:\Users\evans\Desktop\sav3-backend\tmp\file-changes.log
[2025-08-26T16:05:35.2078910-05:00] Changed: C:\Users\evans\Desktop\sav3-backend\tmp\file-changes.log
[2025-08-26T16:05:35.2091177-05:00] Changed: C:\Users\evans\Desktop\sav3-backend\tmp\file-changes.log
[2025-08-26T16:05:36.2122829-05:00] Changed: C:\Users\evans\Desktop\sav3-backend\tmp\file-changes.log
[2025-08-26T16:05:36.2140397-05:00] Changed: C:\Users\evans\Desktop\sav3-backend\tmp\file-changes.log
[2025-08-26T16:05:36.2150012-05:00] Changed: C:\Users\evans\Desktop\sav3-backend\tmp\file-changes.log
[2025-08-26T16:05:36.2160176-05:00] Changed: C:\Users\evans\Desktop\sav3-backend\tmp\file-changes.log
[2025-08-26T16:05:37.2239289-05:00] Changed: C:\Users\evans\Desktop\sav3-backend\tmp\file-changes.log
[2025-08-26T16:05:37.2253467-05:00] Changed: C:\Users\evans\Desktop\sav3-backend\tmp\file-changes.log
[2025-08-26T16:05:37.2265618-05:00] Changed: C:\Users\evans\Desktop\sav3-backend\tmp\file-changes.log
[2025-08-26T16:05:37.2277059-05:00] Changed: C:\Users\evans\Desktop\sav3-backend\tmp\file-changes.log
[2025-08-26T16:05:38.2316400-05:00] Changed: C:\Users\evans\Desktop\sav3-backend\tmp\file-changes.log
[2025-08-26T16:05:38.2334056-05:00] Changed: C:\Users\evans\Desktop\sav3-backend\tmp\file-changes.log
[2025-08-26T16:05:38.2351634-05:00] Changed: C:\Users\evans\Desktop\sav3-backend\tmp\file-changes.log
[2025-08-26T16:05:38.2362663-05:00] Changed: C:\Users\evans\Desktop\sav3-backend\tmp\file-changes.log
[2025-08-26T16:05:39.2415205-05:00] Changed: C:\Users\evans\Desktop\sav3-backend\tmp\file-changes.log
[2025-08-26T16:05:39.2432088-05:00] Changed: C:\Users\evans\Desktop\sav3-backend\tmp\file-changes.log
[2025-08-26T16:05:39.2443637-05:00] Changed: C:\Users\evans\Desktop\sav3-backend\tmp\file-changes.log
[2025-08-26T16:05:39.2453041-05:00] Changed: C:\Users\evans\Desktop\sav3-backend\tmp\file-changes.log
[2025-08-26T16:05:40.2502891-05:00] Changed: C:\Users\evans\Desktop\sav3-backend\tmp\file-changes.log
[2025-08-26T16:05:40.2511368-05:00] Changed: C:\Users\evans\Desktop\sav3-backend\tmp\file-changes.log
[2025-08-26T16:05:40.2520241-05:00] Changed: C:\Users\evans\Desktop\sav3-backend\tmp\file-changes.log
[2025-08-26T16:05:40.2527535-05:00] Changed: C:\Users\evans\Desktop\sav3-backend\tmp\file-changes.log
[2025-08-26T16:05:41.2586994-05:00] Changed: C:\Users\evans\Desktop\sav3-backend\tmp\file-changes.log
[2025-08-26T16:05:41.2597893-05:00] Changed: C:\Users\evans\Desktop\sav3-backend\tmp\file-changes.log
[2025-08-26T16:05:41.2610141-05:00] Changed: C:\Users\evans\Desktop\sav3-backend\tmp\file-changes.log
[2025-08-26T16:05:41.2620247-05:00] Changed: C:\Users\evans\Desktop\sav3-backend\tmp\file-changes.log
[2025-08-26T16:05:42.2747818-05:00] Created: C:\Users\evans\Desktop\sav3-backend\sav3-frontend\mobile\.git\index.lock
[2025-08-26T16:05:42.2757910-05:00] Changed: C:\Users\evans\Desktop\sav3-backend\sav3-frontend\mobile\.git
[2025-08-26T16:05:42.2764234-05:00] Deleted: C:\Users\evans\Desktop\sav3-backend\sav3-frontend\mobile\.git\index.lock
[2025-08-26T16:05:42.2770828-05:00] Changed: C:\Users\evans\Desktop\sav3-backend\sav3-frontend\mobile\.git
[2025-08-26T16:05:43.2911326-05:00] Changed: C:\Users\evans\Desktop\sav3-backend\tmp\file-changes.log
[2025-08-26T16:05:43.2923458-05:00] Changed: C:\Users\evans\Desktop\sav3-backend\tmp\file-changes.log
[2025-08-26T16:05:43.2934984-05:00] Changed: C:\Users\evans\Desktop\sav3-backend\tmp\file-changes.log
[2025-08-26T16:05:43.2945523-05:00] Changed: C:\Users\evans\Desktop\sav3-backend\tmp\file-changes.log
[2025-08-26T16:05:44.3100720-05:00] Changed: C:\Users\evans\Desktop\sav3-backend\tmp\file-changes.log
[2025-08-26T16:05:44.3112068-05:00] Changed: C:\Users\evans\Desktop\sav3-backend\tmp\file-changes.log
[2025-08-26T16:05:44.3123893-05:00] Changed: C:\Users\evans\Desktop\sav3-backend\tmp\file-changes.log
[2025-08-26T16:05:44.3132169-05:00] Changed: C:\Users\evans\Desktop\sav3-backend\tmp\file-changes.log
[2025-08-26T16:05:45.3253248-05:00] Changed: C:\Users\evans\Desktop\sav3-backend\tmp\file-changes.log
[2025-08-26T16:05:45.3263999-05:00] Changed: C:\Users\evans\Desktop\sav3-backend\tmp\file-changes.log
[2025-08-26T16:05:45.3271607-05:00] Changed: C:\Users\evans\Desktop\sav3-backend\tmp\file-changes.log
[2025-08-26T16:05:45.3277352-05:00] Changed: C:\Users\evans\Desktop\sav3-backend\tmp\file-changes.log
[2025-08-26T16:05:46.3406076-05:00] Changed: C:\Users\evans\Desktop\sav3-backend\tmp\file-changes.log
[2025-08-26T16:05:46.3421099-05:00] Changed: C:\Users\evans\Desktop\sav3-backend\tmp\file-changes.log
[2025-08-26T16:05:46.3433311-05:00] Changed: C:\Users\evans\Desktop\sav3-backend\tmp\file-changes.log
[2025-08-26T16:05:46.3446324-05:00] Changed: C:\Users\evans\Desktop\sav3-backend\tmp\file-changes.log
[2025-08-26T16:05:47.3534528-05:00] Changed: C:\Users\evans\Desktop\sav3-backend\tmp\file-changes.log
[2025-08-26T16:05:47.3544817-05:00] Changed: C:\Users\evans\Desktop\sav3-backend\tmp\file-changes.log
[2025-08-26T16:05:47.3555903-05:00] Changed: C:\Users\evans\Desktop\sav3-backend\tmp\file-changes.log
[2025-08-26T16:05:47.3565695-05:00] Changed: C:\Users\evans\Desktop\sav3-backend\tmp\file-changes.log
[2025-08-26T16:05:48.3690957-05:00] Changed: C:\Users\evans\Desktop\sav3-backend\tmp\file-changes.log
[2025-08-26T16:05:48.3701086-05:00] Changed: C:\Users\evans\Desktop\sav3-backend\tmp\file-changes.log
[2025-08-26T16:05:48.3718261-05:00] Changed: C:\Users\evans\Desktop\sav3-backend\tmp\file-changes.log
[2025-08-26T16:05:48.3730523-05:00] Changed: C:\Users\evans\Desktop\sav3-backend\tmp\file-changes.log
[2025-08-26T16:05:49.3841599-05:00] Changed: C:\Users\evans\Desktop\sav3-backend\tmp\file-changes.log
[2025-08-26T16:05:49.3852794-05:00] Changed: C:\Users\evans\Desktop\sav3-backend\tmp\file-changes.log
[2025-08-26T16:05:49.3866517-05:00] Changed: C:\Users\evans\Desktop\sav3-backend\tmp\file-changes.log
[2025-08-26T16:05:49.3879233-05:00] Changed: C:\Users\evans\Desktop\sav3-backend\tmp\file-changes.log
[2025-08-26T16:05:50.4048135-05:00] Changed: C:\Users\evans\Desktop\sav3-backend\tmp\file-changes.log
[2025-08-26T16:05:50.4062614-05:00] Changed: C:\Users\evans\Desktop\sav3-backend\tmp\file-changes.log
[2025-08-26T16:05:50.4071794-05:00] Changed: C:\Users\evans\Desktop\sav3-backend\tmp\file-changes.log
[2025-08-26T16:05:50.4078144-05:00] Changed: C:\Users\evans\Desktop\sav3-backend\tmp\file-changes.log
[2025-08-26T16:05:51.4196152-05:00] Changed: C:\Users\evans\Desktop\sav3-backend\tmp\file-changes.log
[2025-08-26T16:05:51.4208239-05:00] Changed: C:\Users\evans\Desktop\sav3-backend\tmp\file-changes.log
[2025-08-26T16:05:51.4228325-05:00] Changed: C:\Users\evans\Desktop\sav3-backend\tmp\file-changes.log
[2025-08-26T16:05:51.4240852-05:00] Changed: C:\Users\evans\Desktop\sav3-backend\tmp\file-changes.log
[2025-08-26T16:05:52.4406465-05:00] Changed: C:\Users\evans\Desktop\sav3-backend\tmp\file-changes.log
[2025-08-26T16:05:52.4420382-05:00] Changed: C:\Users\evans\Desktop\sav3-backend\tmp\file-changes.log
[2025-08-26T16:05:52.4436200-05:00] Changed: C:\Users\evans\Desktop\sav3-backend\tmp\file-changes.log
[2025-08-26T16:05:52.4452841-05:00] Changed: C:\Users\evans\Desktop\sav3-backend\tmp\file-changes.log
[2025-08-26T16:05:53.4582175-05:00] Changed: C:\Users\evans\Desktop\sav3-backend\tmp\file-changes.log
[2025-08-26T16:05:53.4589770-05:00] Changed: C:\Users\evans\Desktop\sav3-backend\tmp\file-changes.log
[2025-08-26T16:05:53.4598238-05:00] Changed: C:\Users\evans\Desktop\sav3-backend\tmp\file-changes.log
[2025-08-26T16:05:53.4611092-05:00] Changed: C:\Users\evans\Desktop\sav3-backend\tmp\file-changes.log
[2025-08-26T16:05:54.4710253-05:00] Changed: C:\Users\evans\Desktop\sav3-backend\tmp\file-changes.log
[2025-08-26T16:05:54.4718299-05:00] Changed: C:\Users\evans\Desktop\sav3-backend\tmp\file-changes.log
[2025-08-26T16:05:54.4726498-05:00] Changed: C:\Users\evans\Desktop\sav3-backend\tmp\file-changes.log
[2025-08-26T16:05:54.4733513-05:00] Changed: C:\Users\evans\Desktop\sav3-backend\tmp\file-changes.log
[2025-08-26T16:05:55.4883335-05:00] Changed: C:\Users\evans\Desktop\sav3-backend\tmp\file-changes.log
[2025-08-26T16:05:55.4897015-05:00] Changed: C:\Users\evans\Desktop\sav3-backend\tmp\file-changes.log
[2025-08-26T16:05:55.4906144-05:00] Changed: C:\Users\evans\Desktop\sav3-backend\tmp\file-changes.log
[2025-08-26T16:05:55.4911827-05:00] Changed: C:\Users\evans\Desktop\sav3-backend\tmp\file-changes.log
[2025-08-26T16:05:56.5059971-05:00] Changed: C:\Users\evans\Desktop\sav3-backend\tmp\file-changes.log
[2025-08-26T16:05:56.5070775-05:00] Changed: C:\Users\evans\Desktop\sav3-backend\tmp\file-changes.log
[2025-08-26T16:05:56.5077732-05:00] Changed: C:\Users\evans\Desktop\sav3-backend\tmp\file-changes.log
[2025-08-26T16:05:56.5084031-05:00] Changed: C:\Users\evans\Desktop\sav3-backend\tmp\file-changes.log
[2025-08-26T16:05:57.5196784-05:00] Changed: C:\Users\evans\Desktop\sav3-backend\tmp\file-changes.log
[2025-08-26T16:05:57.5206331-05:00] Changed: C:\Users\evans\Desktop\sav3-backend\tmp\file-changes.log
[2025-08-26T16:05:57.5213444-05:00] Changed: C:\Users\evans\Desktop\sav3-backend\tmp\file-changes.log
[2025-08-26T16:05:57.5222161-05:00] Changed: C:\Users\evans\Desktop\sav3-backend\tmp\file-changes.log
[2025-08-26T16:05:58.5348284-05:00] Changed: C:\Users\evans\Desktop\sav3-backend\tmp\file-changes.log
[2025-08-26T16:05:58.5361934-05:00] Changed: C:\Users\evans\Desktop\sav3-backend\tmp\file-changes.log
[2025-08-26T16:05:58.5373068-05:00] Changed: C:\Users\evans\Desktop\sav3-backend\tmp\file-changes.log
[2025-08-26T16:05:58.5381807-05:00] Changed: C:\Users\evans\Desktop\sav3-backend\tmp\file-changes.log
[2025-08-26T16:05:59.5484024-05:00] Changed: C:\Users\evans\Desktop\sav3-backend\tmp\file-changes.log
[2025-08-26T16:05:59.5494955-05:00] Changed: C:\Users\evans\Desktop\sav3-backend\tmp\file-changes.log
[2025-08-26T16:05:59.5503619-05:00] Changed: C:\Users\evans\Desktop\sav3-backend\tmp\file-changes.log
[2025-08-26T16:05:59.5511009-05:00] Changed: C:\Users\evans\Desktop\sav3-backend\tmp\file-changes.log
[2025-08-26T16:06:00.5543830-05:00] Changed: C:\Users\evans\Desktop\sav3-backend\tmp\file-changes.log
[2025-08-26T16:06:00.5550998-05:00] Changed: C:\Users\evans\Desktop\sav3-backend\tmp\file-changes.log
[2025-08-26T16:06:00.5557510-05:00] Changed: C:\Users\evans\Desktop\sav3-backend\tmp\file-changes.log
[2025-08-26T16:06:00.5566021-05:00] Changed: C:\Users\evans\Desktop\sav3-backend\tmp\file-changes.log
[2025-08-26T16:06:01.5717361-05:00] Changed: C:\Users\evans\Desktop\sav3-backend\tmp\file-changes.log
[2025-08-26T16:06:01.5735889-05:00] Changed: C:\Users\evans\Desktop\sav3-backend\tmp\file-changes.log
[2025-08-26T16:06:01.5754826-05:00] Changed: C:\Users\evans\Desktop\sav3-backend\tmp\file-changes.log
[2025-08-26T16:06:01.5770530-05:00] Changed: C:\Users\evans\Desktop\sav3-backend\tmp\file-changes.log
[2025-08-26T16:06:02.5847383-05:00] Changed: C:\Users\evans\Desktop\sav3-backend\tmp\file-changes.log
[2025-08-26T16:06:02.5859042-05:00] Changed: C:\Users\evans\Desktop\sav3-backend\tmp\file-changes.log
[2025-08-26T16:06:02.5868370-05:00] Changed: C:\Users\evans\Desktop\sav3-backend\tmp\file-changes.log
[2025-08-26T16:06:02.5875899-05:00] Changed: C:\Users\evans\Desktop\sav3-backend\tmp\file-changes.log
[2025-08-26T16:06:03.5879043-05:00] Changed: C:\Users\evans\Desktop\sav3-backend\tmp\file-changes.log
[2025-08-26T16:06:03.5898053-05:00] Changed: C:\Users\evans\Desktop\sav3-backend\tmp\file-changes.log
[2025-08-26T16:06:03.5909799-05:00] Changed: C:\Users\evans\Desktop\sav3-backend\tmp\file-changes.log
[2025-08-26T16:06:03.5924374-05:00] Changed: C:\Users\evans\Desktop\sav3-backend\tmp\file-changes.log
[2025-08-26T16:06:04.6064243-05:00] Changed: C:\Users\evans\Desktop\sav3-backend\tmp\file-changes.log
[2025-08-26T16:06:04.6078775-05:00] Changed: C:\Users\evans\Desktop\sav3-backend\tmp\file-changes.log
[2025-08-26T16:06:04.6092462-05:00] Changed: C:\Users\evans\Desktop\sav3-backend\tmp\file-changes.log
[2025-08-26T16:06:04.6100096-05:00] Changed: C:\Users\evans\Desktop\sav3-backend\tmp\file-changes.log
[2025-08-26T16:06:05.6249608-05:00] Changed: C:\Users\evans\Desktop\sav3-backend\tmp\file-changes.log
[2025-08-26T16:06:05.6297547-05:00] Changed: C:\Users\evans\Desktop\sav3-backend\tmp\file-changes.log
[2025-08-26T16:06:05.6364250-05:00] Changed: C:\Users\evans\Desktop\sav3-backend\tmp\file-changes.log
[2025-08-26T16:06:05.6438165-05:00] Changed: C:\Users\evans\Desktop\sav3-backend\tmp\file-changes.log
[2025-08-26T16:06:06.6536932-05:00] Changed: C:\Users\evans\Desktop\sav3-backend\tmp\file-changes.log
[2025-08-26T16:06:06.6547407-05:00] Changed: C:\Users\evans\Desktop\sav3-backend\tmp\file-changes.log
[2025-08-26T16:06:06.6558214-05:00] Changed: C:\Users\evans\Desktop\sav3-backend\tmp\file-changes.log
[2025-08-26T16:06:06.6567095-05:00] Changed: C:\Users\evans\Desktop\sav3-backend\tmp\file-changes.log
[2025-08-26T16:06:07.6723862-05:00] Changed: C:\Users\evans\Desktop\sav3-backend\tmp\file-changes.log
[2025-08-26T16:06:07.6747847-05:00] Changed: C:\Users\evans\Desktop\sav3-backend\tmp\file-changes.log
[2025-08-26T16:06:07.6760037-05:00] Changed: C:\Users\evans\Desktop\sav3-backend\tmp\file-changes.log
[2025-08-26T16:06:07.6769115-05:00] Changed: C:\Users\evans\Desktop\sav3-backend\tmp\file-changes.log
[2025-08-26T16:06:08.6879866-05:00] Changed: C:\Users\evans\Desktop\sav3-backend\tmp\file-changes.log
[2025-08-26T16:06:08.6900180-05:00] Changed: C:\Users\evans\Desktop\sav3-backend\tmp\file-changes.log
[2025-08-26T16:06:08.6942323-05:00] Changed: C:\Users\evans\Desktop\sav3-backend\tmp\file-changes.log
[2025-08-26T16:06:08.6959866-05:00] Changed: C:\Users\evans\Desktop\sav3-backend\tmp\file-changes.log
[2025-08-26T16:06:09.7157455-05:00] Changed: C:\Users\evans\Desktop\sav3-backend\tmp\file-changes.log
[2025-08-26T16:06:09.7173460-05:00] Changed: C:\Users\evans\Desktop\sav3-backend\tmp\file-changes.log
[2025-08-26T16:06:09.7201879-05:00] Changed: C:\Users\evans\Desktop\sav3-backend\tmp\file-changes.log
[2025-08-26T16:06:09.7235868-05:00] Changed: C:\Users\evans\Desktop\sav3-backend\tmp\file-changes.log
[2025-08-26T16:06:10.7345740-05:00] Changed: C:\Users\evans\Desktop\sav3-backend\tmp\file-changes.log
[2025-08-26T16:06:10.7357770-05:00] Changed: C:\Users\evans\Desktop\sav3-backend\tmp\file-changes.log
[2025-08-26T16:06:10.7369213-05:00] Changed: C:\Users\evans\Desktop\sav3-backend\tmp\file-changes.log
[2025-08-26T16:06:10.7379448-05:00] Changed: C:\Users\evans\Desktop\sav3-backend\tmp\file-changes.log
[2025-08-26T16:06:11.7410706-05:00] Changed: C:\Users\evans\Desktop\sav3-backend\tmp\file-changes.log
[2025-08-26T16:06:11.7421121-05:00] Changed: C:\Users\evans\Desktop\sav3-backend\tmp\file-changes.log
[2025-08-26T16:06:11.7427237-05:00] Changed: C:\Users\evans\Desktop\sav3-backend\tmp\file-changes.log
[2025-08-26T16:06:11.7434377-05:00] Changed: C:\Users\evans\Desktop\sav3-backend\tmp\file-changes.log
[2025-08-26T16:06:12.7471689-05:00] Changed: C:\Users\evans\Desktop\sav3-backend\tmp\file-changes.log
[2025-08-26T16:06:12.7481024-05:00] Changed: C:\Users\evans\Desktop\sav3-backend\tmp\file-changes.log
[2025-08-26T16:06:12.7489225-05:00] Changed: C:\Users\evans\Desktop\sav3-backend\tmp\file-changes.log
[2025-08-26T16:06:12.7495703-05:00] Changed: C:\Users\evans\Desktop\sav3-backend\tmp\file-changes.log
[2025-08-26T16:06:13.7658770-05:00] Changed: C:\Users\evans\Desktop\sav3-backend\tmp\file-changes.log
[2025-08-26T16:06:13.7669756-05:00] Changed: C:\Users\evans\Desktop\sav3-backend\tmp\file-changes.log
[2025-08-26T16:06:13.7677245-05:00] Changed: C:\Users\evans\Desktop\sav3-backend\tmp\file-changes.log
[2025-08-26T16:06:13.7692487-05:00] Changed: C:\Users\evans\Desktop\sav3-backend\tmp\file-changes.log
[2025-08-26T16:06:14.7857406-05:00] Changed: C:\Users\evans\Desktop\sav3-backend\tmp\file-changes.log
[2025-08-26T16:06:14.7868429-05:00] Changed: C:\Users\evans\Desktop\sav3-backend\tmp\file-changes.log
[2025-08-26T16:06:14.7879090-05:00] Changed: C:\Users\evans\Desktop\sav3-backend\tmp\file-changes.log
[2025-08-26T16:06:14.7891895-05:00] Changed: C:\Users\evans\Desktop\sav3-backend\tmp\file-changes.log
[2025-08-26T16:06:15.7905213-05:00] Changed: C:\Users\evans\Desktop\sav3-backend\tmp\file-changes.log
[2025-08-26T16:06:15.7918534-05:00] Changed: C:\Users\evans\Desktop\sav3-backend\tmp\file-changes.log
[2025-08-26T16:06:15.7926697-05:00] Changed: C:\Users\evans\Desktop\sav3-backend\tmp\file-changes.log
[2025-08-26T16:06:15.7933525-05:00] Changed: C:\Users\evans\Desktop\sav3-backend\tmp\file-changes.log
[2025-08-26T16:06:16.7970030-05:00] Changed: C:\Users\evans\Desktop\sav3-backend\tmp\file-changes.log
[2025-08-26T16:06:16.7981583-05:00] Changed: C:\Users\evans\Desktop\sav3-backend\tmp\file-changes.log
[2025-08-26T16:06:16.7990113-05:00] Changed: C:\Users\evans\Desktop\sav3-backend\tmp\file-changes.log
[2025-08-26T16:06:16.7996258-05:00] Changed: C:\Users\evans\Desktop\sav3-backend\tmp\file-changes.log
[2025-08-26T16:06:17.8156119-05:00] Changed: C:\Users\evans\Desktop\sav3-backend\tmp\file-changes.log
[2025-08-26T16:06:17.8164119-05:00] Changed: C:\Users\evans\Desktop\sav3-backend\tmp\file-changes.log
[2025-08-26T16:06:17.8169642-05:00] Changed: C:\Users\evans\Desktop\sav3-backend\tmp\file-changes.log
[2025-08-26T16:06:17.8176026-05:00] Changed: C:\Users\evans\Desktop\sav3-backend\tmp\file-changes.log
[2025-08-26T16:06:18.8279572-05:00] Changed: C:\Users\evans\Desktop\sav3-backend\tmp\file-changes.log
[2025-08-26T16:06:18.8292131-05:00] Changed: C:\Users\evans\Desktop\sav3-backend\tmp\file-changes.log
[2025-08-26T16:06:18.8303198-05:00] Changed: C:\Users\evans\Desktop\sav3-backend\tmp\file-changes.log
[2025-08-26T16:06:18.8310269-05:00] Changed: C:\Users\evans\Desktop\sav3-backend\tmp\file-changes.log
[2025-08-26T16:06:19.8352848-05:00] Changed: C:\Users\evans\Desktop\sav3-backend\tmp\file-changes.log
[2025-08-26T16:06:19.8366782-05:00] Changed: C:\Users\evans\Desktop\sav3-backend\tmp\file-changes.log
[2025-08-26T16:06:19.8373833-05:00] Changed: C:\Users\evans\Desktop\sav3-backend\tmp\file-changes.log
[2025-08-26T16:06:19.8380080-05:00] Changed: C:\Users\evans\Desktop\sav3-backend\tmp\file-changes.log
[2025-08-26T16:06:20.8528894-05:00] Changed: C:\Users\evans\Desktop\sav3-backend\tmp\file-changes.log
[2025-08-26T16:06:20.8541629-05:00] Changed: C:\Users\evans\Desktop\sav3-backend\tmp\file-changes.log
[2025-08-26T16:06:20.8549674-05:00] Changed: C:\Users\evans\Desktop\sav3-backend\tmp\file-changes.log
[2025-08-26T16:06:20.8566702-05:00] Changed: C:\Users\evans\Desktop\sav3-backend\tmp\file-changes.log
[2025-08-26T16:06:21.8598786-05:00] Changed: C:\Users\evans\Desktop\sav3-backend\tmp\file-changes.log
[2025-08-26T16:06:21.8609552-05:00] Changed: C:\Users\evans\Desktop\sav3-backend\tmp\file-changes.log
[2025-08-26T16:06:21.8616356-05:00] Changed: C:\Users\evans\Desktop\sav3-backend\tmp\file-changes.log
[2025-08-26T16:06:21.8621241-05:00] Changed: C:\Users\evans\Desktop\sav3-backend\tmp\file-changes.log
[2025-08-26T16:06:22.8636619-05:00] Changed: C:\Users\evans\Desktop\sav3-backend\tmp\file-changes.log
[2025-08-26T16:06:22.8647034-05:00] Changed: C:\Users\evans\Desktop\sav3-backend\tmp\file-changes.log
[2025-08-26T16:06:22.8652371-05:00] Changed: C:\Users\evans\Desktop\sav3-backend\tmp\file-changes.log
[2025-08-26T16:06:22.8661164-05:00] Changed: C:\Users\evans\Desktop\sav3-backend\tmp\file-changes.log
[2025-08-26T16:06:23.8813065-05:00] Changed: C:\Users\evans\Desktop\sav3-backend\tmp\file-changes.log
[2025-08-26T16:06:23.8823674-05:00] Changed: C:\Users\evans\Desktop\sav3-backend\tmp\file-changes.log
[2025-08-26T16:06:23.8830642-05:00] Changed: C:\Users\evans\Desktop\sav3-backend\tmp\file-changes.log
[2025-08-26T16:06:23.8840197-05:00] Changed: C:\Users\evans\Desktop\sav3-backend\tmp\file-changes.log
[2025-08-26T16:06:24.8870252-05:00] Changed: C:\Users\evans\Desktop\sav3-backend\tmp\file-changes.log
[2025-08-26T16:06:24.8880634-05:00] Changed: C:\Users\evans\Desktop\sav3-backend\tmp\file-changes.log
[2025-08-26T16:06:24.8890210-05:00] Changed: C:\Users\evans\Desktop\sav3-backend\tmp\file-changes.log
[2025-08-26T16:06:24.8900040-05:00] Changed: C:\Users\evans\Desktop\sav3-backend\tmp\file-changes.log
[2025-08-26T16:06:25.9020717-05:00] Changed: C:\Users\evans\Desktop\sav3-backend\tmp\file-changes.log
[2025-08-26T16:06:25.9033437-05:00] Changed: C:\Users\evans\Desktop\sav3-backend\tmp\file-changes.log
[2025-08-26T16:06:25.9047680-05:00] Changed: C:\Users\evans\Desktop\sav3-backend\tmp\file-changes.log
[2025-08-26T16:06:25.9068918-05:00] Changed: C:\Users\evans\Desktop\sav3-backend\tmp\file-changes.log
[2025-08-26T16:06:26.9150230-05:00] Changed: C:\Users\evans\Desktop\sav3-backend\tmp\file-changes.log
[2025-08-26T16:06:26.9165941-05:00] Changed: C:\Users\evans\Desktop\sav3-backend\tmp\file-changes.log
[2025-08-26T16:06:26.9179541-05:00] Changed: C:\Users\evans\Desktop\sav3-backend\tmp\file-changes.log
[2025-08-26T16:06:26.9195508-05:00] Changed: C:\Users\evans\Desktop\sav3-backend\tmp\file-changes.log
[2025-08-26T16:06:27.9303904-05:00] Changed: C:\Users\evans\Desktop\sav3-backend\tmp\file-changes.log
[2025-08-26T16:06:27.9311871-05:00] Changed: C:\Users\evans\Desktop\sav3-backend\tmp\file-changes.log
[2025-08-26T16:06:27.9317321-05:00] Changed: C:\Users\evans\Desktop\sav3-backend\tmp\file-changes.log
[2025-08-26T16:06:27.9323071-05:00] Changed: C:\Users\evans\Desktop\sav3-backend\tmp\file-changes.log
[2025-08-26T16:06:28.9432344-05:00] Changed: C:\Users\evans\Desktop\sav3-backend\tmp\file-changes.log
[2025-08-26T16:06:28.9446805-05:00] Changed: C:\Users\evans\Desktop\sav3-backend\tmp\file-changes.log
[2025-08-26T16:06:28.9455713-05:00] Changed: C:\Users\evans\Desktop\sav3-backend\tmp\file-changes.log
[2025-08-26T16:06:28.9466587-05:00] Changed: C:\Users\evans\Desktop\sav3-backend\tmp\file-changes.log
[2025-08-26T16:06:29.9596715-05:00] Changed: C:\Users\evans\Desktop\sav3-backend\tmp\file-changes.log
[2025-08-26T16:06:29.9611705-05:00] Changed: C:\Users\evans\Desktop\sav3-backend\tmp\file-changes.log
[2025-08-26T16:06:29.9620197-05:00] Changed: C:\Users\evans\Desktop\sav3-backend\tmp\file-changes.log
[2025-08-26T16:06:29.9628397-05:00] Changed: C:\Users\evans\Desktop\sav3-backend\tmp\file-changes.log
[2025-08-26T16:06:30.9773445-05:00] Changed: C:\Users\evans\Desktop\sav3-backend\tmp\file-changes.log
[2025-08-26T16:06:30.9790075-05:00] Changed: C:\Users\evans\Desktop\sav3-backend\tmp\file-changes.log
[2025-08-26T16:06:30.9798890-05:00] Changed: C:\Users\evans\Desktop\sav3-backend\tmp\file-changes.log
[2025-08-26T16:06:30.9808908-05:00] Changed: C:\Users\evans\Desktop\sav3-backend\tmp\file-changes.log
[2025-08-26T16:06:31.9945034-05:00] Changed: C:\Users\evans\Desktop\sav3-backend\tmp\file-changes.log
[2025-08-26T16:06:31.9958666-05:00] Changed: C:\Users\evans\Desktop\sav3-backend\tmp\file-changes.log
[2025-08-26T16:06:31.9965926-05:00] Changed: C:\Users\evans\Desktop\sav3-backend\tmp\file-changes.log
[2025-08-26T16:06:31.9974694-05:00] Changed: C:\Users\evans\Desktop\sav3-backend\tmp\file-changes.log
[2025-08-26T16:06:32.9999718-05:00] Changed: C:\Users\evans\Desktop\sav3-backend\tmp\file-changes.log
[2025-08-26T16:06:33.0014695-05:00] Changed: C:\Users\evans\Desktop\sav3-backend\tmp\file-changes.log
[2025-08-26T16:06:33.0029176-05:00] Changed: C:\Users\evans\Desktop\sav3-backend\tmp\file-changes.log
[2025-08-26T16:06:33.0045117-05:00] Changed: C:\Users\evans\Desktop\sav3-backend\tmp\file-changes.log
[2025-08-26T16:06:34.0175799-05:00] Changed: C:\Users\evans\Desktop\sav3-backend\tmp\file-changes.log
[2025-08-26T16:06:34.0186236-05:00] Changed: C:\Users\evans\Desktop\sav3-backend\tmp\file-changes.log
[2025-08-26T16:06:34.0196373-05:00] Changed: C:\Users\evans\Desktop\sav3-backend\tmp\file-changes.log
[2025-08-26T16:06:34.0203329-05:00] Changed: C:\Users\evans\Desktop\sav3-backend\tmp\file-changes.log
[2025-08-26T16:06:35.0335954-05:00] Changed: C:\Users\evans\Desktop\sav3-backend\tmp\file-changes.log
[2025-08-26T16:06:35.0350184-05:00] Changed: C:\Users\evans\Desktop\sav3-backend\tmp\file-changes.log
[2025-08-26T16:06:35.0360174-05:00] Changed: C:\Users\evans\Desktop\sav3-backend\tmp\file-changes.log
[2025-08-26T16:06:35.0369295-05:00] Changed: C:\Users\evans\Desktop\sav3-backend\tmp\file-changes.log
[2025-08-26T16:06:36.0504689-05:00] Changed: C:\Users\evans\Desktop\sav3-backend\tmp\file-changes.log
[2025-08-26T16:06:36.0512240-05:00] Changed: C:\Users\evans\Desktop\sav3-backend\tmp\file-changes.log
[2025-08-26T16:06:36.0518953-05:00] Changed: C:\Users\evans\Desktop\sav3-backend\tmp\file-changes.log
[2025-08-26T16:06:36.0526162-05:00] Changed: C:\Users\evans\Desktop\sav3-backend\tmp\file-changes.log
[2025-08-26T16:06:37.0695222-05:00] Changed: C:\Users\evans\Desktop\sav3-backend\tmp\file-changes.log
[2025-08-26T16:06:37.0705077-05:00] Changed: C:\Users\evans\Desktop\sav3-backend\tmp\file-changes.log
[2025-08-26T16:06:37.0711338-05:00] Changed: C:\Users\evans\Desktop\sav3-backend\tmp\file-changes.log
[2025-08-26T16:06:37.0716498-05:00] Changed: C:\Users\evans\Desktop\sav3-backend\tmp\file-changes.log
[2025-08-26T16:06:38.0846682-05:00] Changed: C:\Users\evans\Desktop\sav3-backend\tmp\file-changes.log
[2025-08-26T16:06:38.0856385-05:00] Changed: C:\Users\evans\Desktop\sav3-backend\tmp\file-changes.log
[2025-08-26T16:06:38.0862558-05:00] Changed: C:\Users\evans\Desktop\sav3-backend\tmp\file-changes.log
[2025-08-26T16:06:38.0869589-05:00] Changed: C:\Users\evans\Desktop\sav3-backend\tmp\file-changes.log
[2025-08-26T16:06:39.0979942-05:00] Changed: C:\Users\evans\Desktop\sav3-backend\tmp\file-changes.log
[2025-08-26T16:06:39.0988897-05:00] Changed: C:\Users\evans\Desktop\sav3-backend\tmp\file-changes.log
[2025-08-26T16:06:39.0994897-05:00] Changed: C:\Users\evans\Desktop\sav3-backend\tmp\file-changes.log
[2025-08-26T16:06:39.1004877-05:00] Changed: C:\Users\evans\Desktop\sav3-backend\tmp\file-changes.log
[2025-08-26T16:06:40.1092265-05:00] Changed: C:\Users\evans\Desktop\sav3-backend\tmp\file-changes.log
[2025-08-26T16:06:40.1105702-05:00] Changed: C:\Users\evans\Desktop\sav3-backend\tmp\file-changes.log
[2025-08-26T16:06:40.1113335-05:00] Changed: C:\Users\evans\Desktop\sav3-backend\tmp\file-changes.log
[2025-08-26T16:06:40.1120129-05:00] Changed: C:\Users\evans\Desktop\sav3-backend\tmp\file-changes.log
[2025-08-26T16:06:41.1246159-05:00] Changed: C:\Users\evans\Desktop\sav3-backend\tmp\file-changes.log
[2025-08-26T16:06:41.1262411-05:00] Changed: C:\Users\evans\Desktop\sav3-backend\tmp\file-changes.log
[2025-08-26T16:06:41.1269108-05:00] Changed: C:\Users\evans\Desktop\sav3-backend\tmp\file-changes.log
[2025-08-26T16:06:41.1274249-05:00] Changed: C:\Users\evans\Desktop\sav3-backend\tmp\file-changes.log
[2025-08-26T16:06:42.1394576-05:00] Changed: C:\Users\evans\Desktop\sav3-backend\tmp\file-changes.log
[2025-08-26T16:06:42.1411878-05:00] Changed: C:\Users\evans\Desktop\sav3-backend\tmp\file-changes.log
[2025-08-26T16:06:42.1440960-05:00] Changed: C:\Users\evans\Desktop\sav3-backend\tmp\file-changes.log
[2025-08-26T16:06:42.1456403-05:00] Changed: C:\Users\evans\Desktop\sav3-backend\tmp\file-changes.log
[2025-08-26T16:06:43.1591782-05:00] Changed: C:\Users\evans\Desktop\sav3-backend\tmp\file-changes.log
[2025-08-26T16:06:43.1611624-05:00] Changed: C:\Users\evans\Desktop\sav3-backend\tmp\file-changes.log
[2025-08-26T16:06:43.1621691-05:00] Changed: C:\Users\evans\Desktop\sav3-backend\tmp\file-changes.log
[2025-08-26T16:06:43.1630540-05:00] Changed: C:\Users\evans\Desktop\sav3-backend\tmp\file-changes.log
[2025-08-26T16:06:44.1679379-05:00] Changed: C:\Users\evans\Desktop\sav3-backend\tmp\file-changes.log
[2025-08-26T16:06:44.1693205-05:00] Changed: C:\Users\evans\Desktop\sav3-backend\tmp\file-changes.log
[2025-08-26T16:06:44.1705872-05:00] Changed: C:\Users\evans\Desktop\sav3-backend\tmp\file-changes.log
[2025-08-26T16:06:44.1717172-05:00] Changed: C:\Users\evans\Desktop\sav3-backend\tmp\file-changes.log
[2025-08-26T16:06:44.2594847-05:00] Changed: C:\Users\evans\Desktop\sav3-backend\tmp\file-changes.log
[2025-08-26T16:06:44.2604317-05:00] Changed: C:\Users\evans\Desktop\sav3-backend\tmp\file-changes.log
[2025-08-26T16:06:44.2668420-05:00] Changed: C:\Users\evans\Desktop\sav3-backend\tmp\file-changes.log
[2025-08-26T16:06:44.2677687-05:00] Changed: C:\Users\evans\Desktop\sav3-backend\tmp\file-changes.log
[2025-08-26T16:06:44.2688053-05:00] Changed: C:\Users\evans\Desktop\sav3-backend\tmp\file-changes.log
[2025-08-26T16:06:44.2697858-05:00] Changed: C:\Users\evans\Desktop\sav3-backend\tmp\file-changes.log
[2025-08-26T16:06:44.2709973-05:00] Changed: C:\Users\evans\Desktop\sav3-backend\tmp\file-changes.log
[2025-08-26T16:06:44.2718918-05:00] Changed: C:\Users\evans\Desktop\sav3-backend\tmp\file-changes.log
[2025-08-26T16:06:44.2729322-05:00] Changed: C:\Users\evans\Desktop\sav3-backend\tmp\file-changes.log
[2025-08-26T16:06:44.2744783-05:00] Changed: C:\Users\evans\Desktop\sav3-backend\tmp\file-changes.log
[2025-08-26T16:06:44.2756516-05:00] Changed: C:\Users\evans\Desktop\sav3-backend\tmp\file-changes.log
[2025-08-26T16:06:44.2765856-05:00] Changed: C:\Users\evans\Desktop\sav3-backend\tmp\file-changes.log
[2025-08-26T16:06:44.2772717-05:00] Changed: C:\Users\evans\Desktop\sav3-backend\tmp\file-changes.log
[2025-08-26T16:06:44.2781432-05:00] Changed: C:\Users\evans\Desktop\sav3-backend\tmp\file-changes.log
